#
# A fatal error has been detected by the Java Runtime Environment:
#
#  EXCEPTION_ACCESS_VIOLATION (0xc0000005) at pc=0x00007fff342ac9e6, pid=12116, tid=7320
#
# JRE version: OpenJDK Runtime Environment (11.0.10) (build 11.0.10+0-b96-7249189)
# Java VM: OpenJDK 64-Bit Server VM (11.0.10+0-b96-7249189, mixed mode, tiered, compressed oops, g1 gc, windows-amd64)
# Problematic frame:
# V  [jvm.dll+0x18c9e6]
#
# No core dump will be written. Minidumps are not enabled by default on client versions of Windows
#
# If you would like to submit a bug report, please visit:
#   https://bugreport.java.com/bugreport/crash.jsp
#

---------------  S U M M A R Y ------------

Command Line: --add-opens=java.base/java.util=ALL-UNNAMED --add-opens=java.base/java.lang=ALL-UNNAMED --add-opens=java.base/java.lang.invoke=ALL-UNNAMED --add-opens=java.base/java.util=ALL-UNNAMED --add-opens=java.prefs/java.util.prefs=ALL-UNNAMED --add-opens=java.prefs/java.util.prefs=ALL-UNNAMED --add-opens=java.base/java.nio.charset=ALL-UNNAMED --add-opens=java.base/java.net=ALL-UNNAMED --add-opens=java.base/java.util.concurrent.atomic=ALL-UNNAMED -Xmx2048m -Dfile.encoding=windows-1252 -Duser.country=US -Duser.language=en -Duser.variant org.gradle.launcher.daemon.bootstrap.GradleDaemon 7.0.2

Host: Intel(R) Core(TM) i3-2330M CPU @ 2.20GHz, 4 cores, 11G,  Windows 10 , 64 bit Build 19041 (10.0.19041.1466)
Time: Tue Feb  8 17:59:05 2022 Sri Lanka Standard Time elapsed time: 169.313122 seconds (0d 0h 2m 49s)

---------------  T H R E A D  ---------------

Current thread (0x000001a45638e000):  GCTaskThread "GC Thread#2" [stack: 0x0000004397500000,0x0000004397600000] [id=7320]

Stack: [0x0000004397500000,0x0000004397600000],  sp=0x00000043975ff528,  free space=1021k
Native frames: (J=compiled Java code, j=interpreted, Vv=VM code, C=native code)
V  [jvm.dll+0x18c9e6]


siginfo: EXCEPTION_ACCESS_VIOLATION (0xc0000005), reading address 0x0000000140062048


Register to memory mapping:

RIP=0x00007fff342ac9e6 jvm.dll
RAX=0x000001a43b73f901 points into unknown readable memory: 00 00 00 00 00 00 00
RBX=
[error occurred during error reporting (printing register info), id 0xc0000005, EXCEPTION_ACCESS_VIOLATION (0xc0000005) at pc=0x00007fff342ac9e6]

Registers:
RAX=0x000001a43b73f901, RBX=0x0000000087da6528, RCX=0x0000000087da6528, RDX=0x0000000087da6528
RSP=0x00000043975ff528, RBP=0x000001a43b7c1618, RSI=0x0000000087da6528, RDI=0x0000000087da6600
R8 =0x000001a43b7c15c0, R9 =0x0000000140062040, R10=0x000001a43b7c15c0, R11=0x000001a43b7c1618
R12=0x0000000087daf800, R13=0x0000000000000001, R14=0x000001a43b7c15c0, R15=0x000000000003ed33
RIP=0x00007fff342ac9e6, EFLAGS=0x0000000000010202

Top of Stack: (sp=0x00000043975ff528)
0x00000043975ff528:   00007fff34469812 0000000087da6528
0x00000043975ff538:   0000000087da6528 0000000000000000
0x00000043975ff548:   0000000100caa500 0000000087da6528
0x00000043975ff558:   00007fff343efb74 0000000087d00000
0x00000043975ff568:   0000000000020000 000000000003ed32
0x00000043975ff578:   00007fff34469812 0000000087daf800
0x00000043975ff588:   000001a43b7c15c0 00000043975ff670
0x00000043975ff598:   0000000087daf800 00000043975ff7f8
0x00000043975ff5a8:   00007fff34469df7 0000000087da6530
0x00000043975ff5b8:   000001a43b7c1618 000001a43b7c1618
0x00000043975ff5c8:   0000000087d8f800 000001a439509c60
0x00000043975ff5d8:   00007fff3442ba58 000001a43b70bbc0
0x00000043975ff5e8:   0000000087dafa00 0000000087fcf200
0x00000043975ff5f8:   0000000087fcf200 0000000e7378441c
0x00000043975ff608:   0000000000000000 00000000825e1a00
0x00000043975ff618:   0000000000000040 000000000000007d 

Instructions: (pc=0x00007fff342ac9e6)
0x00007fff342ac8e6:   82 00 48 d3 e0 48 03 05 1e 22 82 00 eb 04 48 8b
0x00007fff342ac8f6:   43 08 81 78 08 00 00 00 c0 73 7d 48 8b 4f 38 48
0x00007fff342ac906:   8b d3 48 8b 01 ff 50 20 84 c0 75 6c 38 05 80 ac
0x00007fff342ac916:   86 00 74 15 8b 53 08 8b 0d f5 21 82 00 48 d3 e2
0x00007fff342ac926:   48 03 15 e3 21 82 00 eb 04 48 8b 53 08 48 8b cb
0x00007fff342ac936:   48 89 5c 24 20 e8 a0 00 00 00 80 7f 30 00 48 63
0x00007fff342ac946:   c8 48 89 4c 24 28 0f 28 44 24 20 74 17 0f 11 86
0x00007fff342ac956:   98 03 00 00 48 8b 5c 24 40 48 8b 74 24 48 48 83
0x00007fff342ac966:   c4 30 5f c3 48 8b 07 48 8d 54 24 20 48 8b cf 66
0x00007fff342ac976:   0f 7f 44 24 20 ff 50 38 48 8b 5c 24 40 48 8b 74
0x00007fff342ac986:   24 48 48 83 c4 30 5f c3 cc cc 48 8b 49 38 48 8b
0x00007fff342ac996:   01 48 ff 60 28 cc cc cc cc cc 80 3d f1 ab 86 00
0x00007fff342ac9a6:   00 48 8b c1 74 1b 8b 51 08 8b 0d 63 21 82 00 48
0x00007fff342ac9b6:   d3 e2 48 8b c8 48 03 15 4e 21 82 00 e9 19 00 00
0x00007fff342ac9c6:   00 48 8b 51 08 48 8b c8 e9 0d 00 00 00 cc cc cc
0x00007fff342ac9d6:   cc cc cc cc cc cc cc cc cc cc 4c 8b ca 48 8b d1
0x00007fff342ac9e6:   45 8b 41 08 45 85 c0 7e 0e 41 f6 c0 01 75 59 41
0x00007fff342ac9f6:   c1 f8 03 41 8b c0 c3 79 4f 80 3d 92 ab 86 00 00
0x00007fff342aca06:   b8 0c 00 00 00 b9 10 00 00 00 0f 45 c8 8b 05 ab
0x00007fff342aca16:   6c 80 00 ff c8 4c 63 c8 48 63 c1 41 8b c8 83 e1
0x00007fff342aca26:   3f 48 63 14 10 41 8b c0 48 c1 f8 10 0f b6 c0 48
0x00007fff342aca36:   d3 e2 49 8d 0c 11 49 f7 d1 48 03 c1 49 c1 e9 03
0x00007fff342aca46:   48 c1 e8 03 41 23 c1 c3 49 8b 01 49 8b c9 48 ff
0x00007fff342aca56:   a0 10 01 00 00 cc cc cc cc cc 48 83 ec 38 0f 10
0x00007fff342aca66:   02 48 8b 49 38 48 8d 54 24 20 0f 29 44 24 20 e8
0x00007fff342aca76:   56 f0 ff ff 48 83 c4 38 c3 cc 48 89 5c 24 08 55
0x00007fff342aca86:   56 57 41 54 41 55 41 56 41 57 48 8d 6c 24 e0 48
0x00007fff342aca96:   81 ec 20 01 00 00 48 8b 05 5d a5 83 00 48 33 c4
0x00007fff342acaa6:   48 89 45 10 48 8b 05 df 15 86 00 45 33 ed 4c 8b
0x00007fff342acab6:   b5 80 00 00 00 4c 8b fa 48 8b bd 88 00 00 00 4d
0x00007fff342acac6:   8b c6 49 8b d6 49 8b f1 48 8b 48 38 48 8b 59 48
0x00007fff342acad6:   49 8b cf c7 45 c0 ff ff ff ff 44 89 6d d4 4c 89 


Stack slot to memory mapping:
stack at sp + 0 slots: 0x00007fff34469812 jvm.dll
stack at sp + 1 slots: 
[error occurred during error reporting (inspecting top of stack), id 0xc0000005, EXCEPTION_ACCESS_VIOLATION (0xc0000005) at pc=0x00007fff342ac9e6]


---------------  P R O C E S S  ---------------

Threads class SMR info:
_java_thread_list=0x000001a460540f90, length=57, elements={
0x000001a43b6fe800, 0x000001a455b21800, 0x000001a455b2d000, 0x000001a455312800,
0x000001a455315800, 0x000001a455316800, 0x000001a45531b000, 0x000001a45531c000,
0x000001a455b7b000, 0x000001a455cd9800, 0x000001a4581fd800, 0x000001a4582e2800,
0x000001a457a37000, 0x000001a4572ea000, 0x000001a4572eb000, 0x000001a4577ee800,
0x000001a455d69800, 0x000001a457dc1800, 0x000001a457ec7800, 0x000001a457ec6000,
0x000001a457ec2000, 0x000001a457ec3800, 0x000001a457ec8800, 0x000001a457ec7000,
0x000001a457ec3000, 0x000001a457ec4800, 0x000001a457ec5000, 0x000001a458e46800,
0x000001a458e45000, 0x000001a458e46000, 0x000001a458e48800, 0x000001a458e42800,
0x000001a458e43800, 0x000001a458e4a000, 0x000001a458e44800, 0x000001a458e50800,
0x000001a458e4c800, 0x000001a458e4e000, 0x000001a458e4b000, 0x000001a458e4f800,
0x000001a458e4d800, 0x000001a458e4b800, 0x000001a4596fb000, 0x000001a4596ff800,
0x000001a459700800, 0x000001a459701800, 0x000001a4596fb800, 0x000001a459702000,
0x000001a459703000, 0x000001a4596fd800, 0x000001a459704000, 0x000001a4596fe000,
0x000001a459704800, 0x000001a4596ff000, 0x000001a459705800, 0x000001a459706800,
0x000001a457214000
}

Java Threads: ( => current thread )
  0x000001a43b6fe800 JavaThread "main" [_thread_blocked, id=7216, stack(0x0000004396200000,0x0000004396300000)]
  0x000001a455b21800 JavaThread "Reference Handler" daemon [_thread_blocked, id=12128, stack(0x0000004396900000,0x0000004396a00000)]
  0x000001a455b2d000 JavaThread "Finalizer" daemon [_thread_blocked, id=5252, stack(0x0000004396a00000,0x0000004396b00000)]
  0x000001a455312800 JavaThread "Signal Dispatcher" daemon [_thread_blocked, id=4676, stack(0x0000004396b00000,0x0000004396c00000)]
  0x000001a455315800 JavaThread "Attach Listener" daemon [_thread_blocked, id=3064, stack(0x0000004396c00000,0x0000004396d00000)]
  0x000001a455316800 JavaThread "Service Thread" daemon [_thread_blocked, id=8424, stack(0x0000004396d00000,0x0000004396e00000)]
  0x000001a45531b000 JavaThread "C2 CompilerThread0" daemon [_thread_blocked, id=5680, stack(0x0000004396e00000,0x0000004396f00000)]
  0x000001a45531c000 JavaThread "C1 CompilerThread0" daemon [_thread_blocked, id=12692, stack(0x0000004396f00000,0x0000004397000000)]
  0x000001a455b7b000 JavaThread "Sweeper thread" daemon [_thread_blocked, id=6808, stack(0x0000004397000000,0x0000004397100000)]
  0x000001a455cd9800 JavaThread "Common-Cleaner" daemon [_thread_blocked, id=7736, stack(0x0000004397100000,0x0000004397200000)]
  0x000001a4581fd800 JavaThread "Daemon health stats" [_thread_blocked, id=11412, stack(0x0000004397700000,0x0000004397800000)]
  0x000001a4582e2800 JavaThread "Incoming local TCP Connector on port 50257" [_thread_in_native, id=10744, stack(0x0000004397300000,0x0000004397400000)]
  0x000001a457a37000 JavaThread "Daemon periodic checks" [_thread_blocked, id=2420, stack(0x0000004397800000,0x0000004397900000)]
  0x000001a4572ea000 JavaThread "Daemon" [_thread_blocked, id=4664, stack(0x0000004397900000,0x0000004397a00000)]
  0x000001a4572eb000 JavaThread "Handler for socket connection from /127.0.0.1:50257 to /127.0.0.1:50258" [_thread_in_native, id=8648, stack(0x0000004397a00000,0x0000004397b00000)]
  0x000001a4577ee800 JavaThread "Cancel handler" [_thread_blocked, id=12816, stack(0x0000004397b00000,0x0000004397c00000)]
  0x000001a455d69800 JavaThread "Daemon worker" [_thread_blocked, id=3712, stack(0x0000004397c00000,0x0000004397d00000)]
  0x000001a457dc1800 JavaThread "Asynchronous log dispatcher for DefaultDaemonConnection: socket connection from /127.0.0.1:50257 to /127.0.0.1:50258" [_thread_blocked, id=10108, stack(0x0000004397d00000,0x0000004397e00000)]
  0x000001a457ec7800 JavaThread "Daemon client event forwarder" [_thread_blocked, id=11120, stack(0x0000004397f00000,0x0000004398000000)]
  0x000001a457ec6000 JavaThread "Cache worker for file hash cache (E:\Android\gradle\caches\7.0.2\fileHashes)" [_thread_blocked, id=1828, stack(0x0000004398000000,0x0000004398100000)]
  0x000001a457ec2000 JavaThread "File lock request listener" [_thread_in_native, id=12740, stack(0x0000004398100000,0x0000004398200000)]
  0x000001a457ec3800 JavaThread "Cache worker for journal cache (E:\Android\gradle\caches\journal-1)" [_thread_blocked, id=8216, stack(0x0000004398200000,0x0000004398300000)]
  0x000001a457ec8800 JavaThread "Cache worker for file hash cache (E:\butterflies\SLButterflyDirectory\20200606ButterflyDirectory\.gradle\7.0.2\fileHashes)" [_thread_blocked, id=11960, stack(0x0000004398300000,0x0000004398400000)]
  0x000001a457ec7000 JavaThread "File watcher server" daemon [_thread_blocked, id=2336, stack(0x0000004398400000,0x0000004398500000)]
  0x000001a457ec3000 JavaThread "File watcher consumer" daemon [_thread_blocked, id=5852, stack(0x0000004398500000,0x0000004398600000)]
  0x000001a457ec4800 JavaThread "Cache worker for checksums cache (E:\butterflies\SLButterflyDirectory\20200606ButterflyDirectory\.gradle\checksums)" [_thread_blocked, id=6196, stack(0x0000004398600000,0x0000004398700000)]
  0x000001a457ec5000 JavaThread "Cache worker for cache directory md-supplier (E:\Android\gradle\caches\7.0.2\md-supplier)" [_thread_blocked, id=8860, stack(0x0000004398700000,0x0000004398800000)]
  0x000001a458e46800 JavaThread "Cache worker for cache directory md-rule (E:\Android\gradle\caches\7.0.2\md-rule)" [_thread_blocked, id=12176, stack(0x0000004398900000,0x0000004398a00000)]
  0x000001a458e45000 JavaThread "Cache worker for execution history cache (E:\Android\gradle\caches\7.0.2\executionHistory)" [_thread_blocked, id=8304, stack(0x0000004398800000,0x0000004398900000)]
  0x000001a458e46000 JavaThread "jar transforms" [_thread_blocked, id=10084, stack(0x0000004398b00000,0x0000004398c00000)]
  0x000001a458e48800 JavaThread "jar transforms Thread 2" [_thread_blocked, id=12560, stack(0x0000004398c00000,0x0000004398d00000)]
  0x000001a458e42800 JavaThread "Cache worker for file content cache (E:\Android\gradle\caches\7.0.2\fileContent)" [_thread_blocked, id=2480, stack(0x0000004398a00000,0x0000004398b00000)]
  0x000001a458e43800 JavaThread "Cache worker for dependencies-accessors (E:\butterflies\SLButterflyDirectory\20200606ButterflyDirectory\.gradle\7.0.2\dependencies-accessors)" [_thread_blocked, id=4112, stack(0x0000004398d00000,0x0000004398e00000)]
  0x000001a458e4a000 JavaThread "jar transforms Thread 3" [_thread_blocked, id=8460, stack(0x0000004398e00000,0x0000004398f00000)]
  0x000001a458e44800 JavaThread "Cache worker for Build Output Cleanup Cache (E:\butterflies\SLButterflyDirectory\20200606ButterflyDirectory\.gradle\buildOutputCleanup)" [_thread_blocked, id=8612, stack(0x0000004398f00000,0x0000004399000000)]
  0x000001a458e50800 JavaThread "Build operations" [_thread_blocked, id=8392, stack(0x0000004399000000,0x0000004399100000)]
  0x000001a458e4c800 JavaThread "Build operations Thread 2" [_thread_blocked, id=9508, stack(0x0000004399100000,0x0000004399200000)]
  0x000001a458e4e000 JavaThread "Build operations Thread 3" [_thread_blocked, id=2776, stack(0x0000004399200000,0x0000004399300000)]
  0x000001a458e4b000 JavaThread "Build operations Thread 4" [_thread_blocked, id=3044, stack(0x0000004399300000,0x0000004399400000)]
  0x000001a458e4f800 JavaThread "jar transforms Thread 4" [_thread_blocked, id=1100, stack(0x0000004399400000,0x0000004399500000)]
  0x000001a458e4d800 JavaThread "Memory manager" [_thread_blocked, id=2840, stack(0x0000004399700000,0x0000004399800000)]
  0x000001a458e4b800 JavaThread "build event listener" [_thread_blocked, id=4740, stack(0x0000004399800000,0x0000004399900000)]
  0x000001a4596fb000 JavaThread "pool-3-thread-1" [_thread_blocked, id=1524, stack(0x0000004399900000,0x0000004399a00000)]
  0x000001a4596ff800 JavaThread "build event listener" [_thread_blocked, id=6396, stack(0x0000004399a00000,0x0000004399b00000)]
  0x000001a459700800 JavaThread "Execution worker for ':'" [_thread_blocked, id=4408, stack(0x0000004399b00000,0x0000004399c00000)]
  0x000001a459701800 JavaThread "Execution worker for ':' Thread 2" [_thread_blocked, id=11592, stack(0x0000004399c00000,0x0000004399d00000)]
  0x000001a4596fb800 JavaThread "Execution worker for ':' Thread 3" [_thread_blocked, id=13272, stack(0x0000004399d00000,0x0000004399e00000)]
  0x000001a459702000 JavaThread "Cache worker for execution history cache (E:\butterflies\SLButterflyDirectory\20200606ButterflyDirectory\.gradle\7.0.2\executionHistory)" [_thread_blocked, id=10456, stack(0x0000004399e00000,0x0000004399f00000)]
  0x000001a459703000 JavaThread "WorkerExecutor Queue" [_thread_blocked, id=12540, stack(0x0000004396100000,0x0000004396200000)]
  0x000001a4596fd800 JavaThread "WorkerExecutor Queue Thread 2" [_thread_blocked, id=3008, stack(0x0000004397e00000,0x0000004397f00000)]
  0x000001a459704000 JavaThread "WorkerExecutor Queue Thread 3" [_thread_blocked, id=2436, stack(0x0000004399600000,0x0000004399700000)]
  0x000001a4596fe000 JavaThread "pool-4-thread-1" [_thread_blocked, id=10904, stack(0x0000004399f00000,0x000000439a000000)]
  0x000001a459704800 JavaThread "stderr" [_thread_in_native, id=2992, stack(0x0000004396000000,0x0000004396100000)]
  0x000001a4596ff000 JavaThread "stdout" [_thread_in_native, id=3492, stack(0x000000439a000000,0x000000439a100000)]
  0x000001a459705800 JavaThread "Cache worker for Java compile cache (E:\Android\gradle\caches\7.0.2\javaCompile)" [_thread_blocked, id=8044, stack(0x000000439a200000,0x000000439a300000)]
  0x000001a459706800 JavaThread "Cache worker for Java compile cache (E:\butterflies\SLButterflyDirectory\20200606ButterflyDirectory\.gradle\7.0.2\javaCompile)" [_thread_blocked, id=10608, stack(0x000000439a300000,0x000000439a400000)]
  0x000001a457214000 JavaThread "C2 CompilerThread1" daemon [_thread_blocked, id=10112, stack(0x000000439a100000,0x000000439a200000)]

Other Threads:
  0x000001a455303000 VMThread "VM Thread" [stack: 0x0000004396800000,0x0000004396900000] [id=11520]
  0x000001a455ce6000 WatcherThread [stack: 0x0000004397200000,0x0000004397300000] [id=6768]
  0x000001a43b716800 GCTaskThread "GC Thread#0" [stack: 0x0000004396300000,0x0000004396400000] [id=4172]
  0x000001a4569da800 GCTaskThread "GC Thread#1" [stack: 0x0000004397400000,0x0000004397500000] [id=12628]
=>0x000001a45638e000 GCTaskThread "GC Thread#2" [stack: 0x0000004397500000,0x0000004397600000] [id=7320]
  0x000001a456536000 GCTaskThread "GC Thread#3" [stack: 0x0000004397600000,0x0000004397700000] [id=2704]
  0x000001a43b748800 ConcurrentGCThread "G1 Main Marker" [stack: 0x0000004396400000,0x0000004396500000] [id=11756]
  0x000001a43b74a000 ConcurrentGCThread "G1 Conc#0" [stack: 0x0000004396500000,0x0000004396600000] [id=1088]
  0x000001a45514e800 ConcurrentGCThread "G1 Refine#0" [stack: 0x0000004396600000,0x0000004396700000] [id=10800]
  0x000001a45514f800 ConcurrentGCThread "G1 Young RemSet Sampling" [stack: 0x0000004396700000,0x0000004396800000] [id=11588]

Threads with active compile tasks:
C2 CompilerThread0 169347 15189       4       org.gradle.internal.snapshot.MerkleDirectorySnapshotBuilder$Directory::fold (145 bytes)
C2 CompilerThread1 169347 15217       4       java.util.Collections::indexedBinarySearch (85 bytes)

VM state:at safepoint (normal execution)

VM Mutex/Monitor currently owned by a thread:  ([mutex/lock_event])
[0x000001a4395da840] Threads_lock - owner thread: 0x000001a455303000
[0x000001a4395dade0] Heap_lock - owner thread: 0x000001a458e4e000

Heap address: 0x0000000080000000, size: 2048 MB, Compressed Oops mode: 32-bit
Narrow klass base: 0x0000000000000000, Narrow klass shift: 3
Compressed class space size: 1073741824 Address: 0x0000000100000000

Heap:
 garbage-first heap   total 196608K, used 161059K [0x0000000080000000, 0x0000000100000000)
  region size 1024K, 30 young (30720K), 3 survivors (3072K)
 Metaspace       used 103773K, capacity 106381K, committed 106660K, reserved 1142784K
  class space    used 12908K, capacity 13832K, committed 13952K, reserved 1048576K
Heap Regions: E=young(eden), S=young(survivor), O=old, HS=humongous(starts), HC=humongous(continues), CS=collection set, F=free, A=archive, TAMS=top-at-mark-start (previous, next)
|   0|0x0000000080000000, 0x0000000080100000, 0x0000000080100000|100%| O|  |TAMS 0x0000000080100000, 0x0000000080000000| Untracked 
|   1|0x0000000080100000, 0x0000000080200000, 0x0000000080200000|100%| O|  |TAMS 0x0000000080200000, 0x0000000080100000| Untracked 
|   2|0x0000000080200000, 0x0000000080300000, 0x0000000080300000|100%| O|  |TAMS 0x0000000080300000, 0x0000000080200000| Untracked 
|   3|0x0000000080300000, 0x0000000080400000, 0x0000000080400000|100%|HS|  |TAMS 0x0000000080400000, 0x0000000080300000| Complete 
|   4|0x0000000080400000, 0x0000000080500000, 0x0000000080500000|100%|HC|  |TAMS 0x0000000080500000, 0x0000000080400000| Complete 
|   5|0x0000000080500000, 0x0000000080600000, 0x0000000080600000|100%|HC|  |TAMS 0x0000000080600000, 0x0000000080500000| Complete 
|   6|0x0000000080600000, 0x0000000080700000, 0x0000000080700000|100%| O|  |TAMS 0x0000000080700000, 0x0000000080600000| Untracked 
|   7|0x0000000080700000, 0x0000000080800000, 0x0000000080800000|100%| O|  |TAMS 0x0000000080800000, 0x0000000080700000| Untracked 
|   8|0x0000000080800000, 0x0000000080900000, 0x0000000080900000|100%| O|  |TAMS 0x0000000080900000, 0x0000000080800000| Untracked 
|   9|0x0000000080900000, 0x0000000080a00000, 0x0000000080a00000|100%|HS|  |TAMS 0x0000000080a00000, 0x0000000080900000| Complete 
|  10|0x0000000080a00000, 0x0000000080b00000, 0x0000000080b00000|100%|HS|  |TAMS 0x0000000080b00000, 0x0000000080a00000| Complete 
|  11|0x0000000080b00000, 0x0000000080c00000, 0x0000000080c00000|100%|HS|  |TAMS 0x0000000080c00000, 0x0000000080b00000| Complete 
|  12|0x0000000080c00000, 0x0000000080d00000, 0x0000000080d00000|100%|HC|  |TAMS 0x0000000080d00000, 0x0000000080c00000| Complete 
|  13|0x0000000080d00000, 0x0000000080e00000, 0x0000000080e00000|100%| O|  |TAMS 0x0000000080e00000, 0x0000000080d00000| Untracked 
|  14|0x0000000080e00000, 0x0000000080f00000, 0x0000000080f00000|100%| O|  |TAMS 0x0000000080f00000, 0x0000000080e00000| Untracked 
|  15|0x0000000080f00000, 0x0000000081000000, 0x0000000081000000|100%| O|  |TAMS 0x0000000081000000, 0x0000000080f00000| Untracked 
|  16|0x0000000081000000, 0x0000000081100000, 0x0000000081100000|100%| O|  |TAMS 0x0000000081100000, 0x0000000081000000| Untracked 
|  17|0x0000000081100000, 0x0000000081200000, 0x0000000081200000|100%| O|  |TAMS 0x0000000081200000, 0x0000000081100000| Untracked 
|  18|0x0000000081200000, 0x0000000081300000, 0x0000000081300000|100%| O|  |TAMS 0x0000000081300000, 0x0000000081200000| Untracked 
|  19|0x0000000081300000, 0x0000000081400000, 0x0000000081400000|100%| O|  |TAMS 0x0000000081400000, 0x0000000081300000| Untracked 
|  20|0x0000000081400000, 0x0000000081500000, 0x0000000081500000|100%| O|  |TAMS 0x0000000081500000, 0x0000000081400000| Untracked 
|  21|0x0000000081500000, 0x0000000081600000, 0x0000000081600000|100%| O|  |TAMS 0x0000000081600000, 0x0000000081500000| Untracked 
|  22|0x0000000081600000, 0x0000000081700000, 0x0000000081700000|100%| O|  |TAMS 0x0000000081700000, 0x0000000081600000| Untracked 
|  23|0x0000000081700000, 0x0000000081800000, 0x0000000081800000|100%| O|  |TAMS 0x0000000081800000, 0x0000000081700000| Untracked 
|  24|0x0000000081800000, 0x0000000081900000, 0x0000000081900000|100%| O|  |TAMS 0x0000000081900000, 0x0000000081800000| Untracked 
|  25|0x0000000081900000, 0x0000000081a00000, 0x0000000081a00000|100%| O|  |TAMS 0x0000000081a00000, 0x0000000081900000| Untracked 
|  26|0x0000000081a00000, 0x0000000081b00000, 0x0000000081b00000|100%| O|  |TAMS 0x0000000081b00000, 0x0000000081a00000| Untracked 
|  27|0x0000000081b00000, 0x0000000081c00000, 0x0000000081c00000|100%| O|  |TAMS 0x0000000081c00000, 0x0000000081b00000| Untracked 
|  28|0x0000000081c00000, 0x0000000081d00000, 0x0000000081d00000|100%| O|  |TAMS 0x0000000081d00000, 0x0000000081c00000| Untracked 
|  29|0x0000000081d00000, 0x0000000081e00000, 0x0000000081e00000|100%| O|  |TAMS 0x0000000081e00000, 0x0000000081d00000| Untracked 
|  30|0x0000000081e00000, 0x0000000081f00000, 0x0000000081f00000|100%| O|  |TAMS 0x0000000081f00000, 0x0000000081e00000| Untracked 
|  31|0x0000000081f00000, 0x0000000082000000, 0x0000000082000000|100%| O|  |TAMS 0x0000000082000000, 0x0000000081f00000| Untracked 
|  32|0x0000000082000000, 0x0000000082100000, 0x0000000082100000|100%| O|  |TAMS 0x0000000082100000, 0x0000000082000000| Untracked 
|  33|0x0000000082100000, 0x0000000082200000, 0x0000000082200000|100%| O|  |TAMS 0x0000000082200000, 0x0000000082100000| Untracked 
|  34|0x0000000082200000, 0x0000000082300000, 0x0000000082300000|100%| O|  |TAMS 0x0000000082300000, 0x0000000082200000| Untracked 
|  35|0x0000000082300000, 0x0000000082400000, 0x0000000082400000|100%| O|  |TAMS 0x0000000082400000, 0x0000000082300000| Untracked 
|  36|0x0000000082400000, 0x0000000082500000, 0x0000000082500000|100%| O|  |TAMS 0x0000000082500000, 0x0000000082400000| Untracked 
|  37|0x0000000082500000, 0x0000000082600000, 0x0000000082600000|100%| O|  |TAMS 0x0000000082600000, 0x0000000082500000| Untracked 
|  38|0x0000000082600000, 0x0000000082700000, 0x0000000082700000|100%| O|  |TAMS 0x0000000082700000, 0x0000000082600000| Untracked 
|  39|0x0000000082700000, 0x0000000082800000, 0x0000000082800000|100%| O|  |TAMS 0x0000000082800000, 0x0000000082700000| Untracked 
|  40|0x0000000082800000, 0x0000000082900000, 0x0000000082900000|100%| O|  |TAMS 0x0000000082900000, 0x0000000082800000| Untracked 
|  41|0x0000000082900000, 0x0000000082a00000, 0x0000000082a00000|100%| O|  |TAMS 0x0000000082a00000, 0x0000000082900000| Untracked 
|  42|0x0000000082a00000, 0x0000000082b00000, 0x0000000082b00000|100%| O|  |TAMS 0x0000000082b00000, 0x0000000082a00000| Untracked 
|  43|0x0000000082b00000, 0x0000000082c00000, 0x0000000082c00000|100%| O|  |TAMS 0x0000000082c00000, 0x0000000082b00000| Untracked 
|  44|0x0000000082c00000, 0x0000000082d00000, 0x0000000082d00000|100%| O|  |TAMS 0x0000000082d00000, 0x0000000082c00000| Untracked 
|  45|0x0000000082d00000, 0x0000000082e00000, 0x0000000082e00000|100%| O|  |TAMS 0x0000000082e00000, 0x0000000082d00000| Untracked 
|  46|0x0000000082e00000, 0x0000000082f00000, 0x0000000082f00000|100%| O|  |TAMS 0x0000000082f00000, 0x0000000082e00000| Untracked 
|  47|0x0000000082f00000, 0x0000000083000000, 0x0000000083000000|100%| O|  |TAMS 0x0000000083000000, 0x0000000082f00000| Untracked 
|  48|0x0000000083000000, 0x0000000083100000, 0x0000000083100000|100%| O|  |TAMS 0x0000000083100000, 0x0000000083000000| Untracked 
|  49|0x0000000083100000, 0x0000000083200000, 0x0000000083200000|100%| O|  |TAMS 0x0000000083200000, 0x0000000083100000| Untracked 
|  50|0x0000000083200000, 0x0000000083300000, 0x0000000083300000|100%| O|  |TAMS 0x0000000083300000, 0x0000000083200000| Untracked 
|  51|0x0000000083300000, 0x0000000083400000, 0x0000000083400000|100%| O|  |TAMS 0x0000000083400000, 0x0000000083300000| Untracked 
|  52|0x0000000083400000, 0x0000000083500000, 0x0000000083500000|100%| O|  |TAMS 0x0000000083500000, 0x0000000083400000| Untracked 
|  53|0x0000000083500000, 0x0000000083600000, 0x0000000083600000|100%| O|  |TAMS 0x0000000083600000, 0x0000000083500000| Untracked 
|  54|0x0000000083600000, 0x0000000083700000, 0x0000000083700000|100%| O|  |TAMS 0x0000000083700000, 0x0000000083600000| Untracked 
|  55|0x0000000083700000, 0x0000000083800000, 0x0000000083800000|100%| O|  |TAMS 0x0000000083800000, 0x0000000083700000| Untracked 
|  56|0x0000000083800000, 0x0000000083900000, 0x0000000083900000|100%| O|  |TAMS 0x0000000083900000, 0x0000000083800000| Untracked 
|  57|0x0000000083900000, 0x0000000083a00000, 0x0000000083a00000|100%| O|  |TAMS 0x0000000083a00000, 0x0000000083900000| Untracked 
|  58|0x0000000083a00000, 0x0000000083b00000, 0x0000000083b00000|100%| O|  |TAMS 0x0000000083b00000, 0x0000000083a00000| Untracked 
|  59|0x0000000083b00000, 0x0000000083c00000, 0x0000000083c00000|100%| O|  |TAMS 0x0000000083c00000, 0x0000000083b00000| Untracked 
|  60|0x0000000083c00000, 0x0000000083d00000, 0x0000000083d00000|100%| O|  |TAMS 0x0000000083d00000, 0x0000000083c00000| Untracked 
|  61|0x0000000083d00000, 0x0000000083e00000, 0x0000000083e00000|100%| O|  |TAMS 0x0000000083e00000, 0x0000000083d00000| Untracked 
|  62|0x0000000083e00000, 0x0000000083f00000, 0x0000000083f00000|100%| O|  |TAMS 0x0000000083f00000, 0x0000000083e00000| Untracked 
|  63|0x0000000083f00000, 0x0000000084000000, 0x0000000084000000|100%| O|  |TAMS 0x0000000084000000, 0x0000000083f00000| Untracked 
|  64|0x0000000084000000, 0x0000000084100000, 0x0000000084100000|100%| O|  |TAMS 0x0000000084100000, 0x0000000084000000| Untracked 
|  65|0x0000000084100000, 0x0000000084200000, 0x0000000084200000|100%| O|  |TAMS 0x0000000084200000, 0x0000000084100000| Untracked 
|  66|0x0000000084200000, 0x0000000084300000, 0x0000000084300000|100%| O|  |TAMS 0x0000000084300000, 0x0000000084200000| Untracked 
|  67|0x0000000084300000, 0x0000000084400000, 0x0000000084400000|100%| O|  |TAMS 0x0000000084400000, 0x0000000084300000| Untracked 
|  68|0x0000000084400000, 0x0000000084500000, 0x0000000084500000|100%| O|  |TAMS 0x0000000084500000, 0x0000000084400000| Untracked 
|  69|0x0000000084500000, 0x0000000084600000, 0x0000000084600000|100%| O|  |TAMS 0x0000000084600000, 0x0000000084500000| Untracked 
|  70|0x0000000084600000, 0x0000000084700000, 0x0000000084700000|100%| O|  |TAMS 0x0000000084700000, 0x0000000084600000| Untracked 
|  71|0x0000000084700000, 0x0000000084800000, 0x0000000084800000|100%| O|  |TAMS 0x0000000084800000, 0x0000000084700000| Untracked 
|  72|0x0000000084800000, 0x0000000084900000, 0x0000000084900000|100%| O|  |TAMS 0x0000000084900000, 0x0000000084800000| Untracked 
|  73|0x0000000084900000, 0x0000000084a00000, 0x0000000084a00000|100%| O|  |TAMS 0x0000000084a00000, 0x0000000084900000| Untracked 
|  74|0x0000000084a00000, 0x0000000084b00000, 0x0000000084b00000|100%| O|  |TAMS 0x0000000084b00000, 0x0000000084a00000| Untracked 
|  75|0x0000000084b00000, 0x0000000084c00000, 0x0000000084c00000|100%| O|  |TAMS 0x0000000084c00000, 0x0000000084b00000| Untracked 
|  76|0x0000000084c00000, 0x0000000084d00000, 0x0000000084d00000|100%| O|  |TAMS 0x0000000084d00000, 0x0000000084c00000| Untracked 
|  77|0x0000000084d00000, 0x0000000084e00000, 0x0000000084e00000|100%| O|  |TAMS 0x0000000084e00000, 0x0000000084d00000| Untracked 
|  78|0x0000000084e00000, 0x0000000084e00000, 0x0000000084f00000|  0%| F|  |TAMS 0x0000000084e00000, 0x0000000084e00000| Untracked 
|  79|0x0000000084f00000, 0x0000000085000000, 0x0000000085000000|100%| O|  |TAMS 0x0000000085000000, 0x0000000084f00000| Untracked 
|  80|0x0000000085000000, 0x0000000085100000, 0x0000000085100000|100%| O|  |TAMS 0x0000000085100000, 0x0000000085000000| Untracked 
|  81|0x0000000085100000, 0x0000000085200000, 0x0000000085200000|100%| O|  |TAMS 0x0000000085200000, 0x0000000085100000| Untracked 
|  82|0x0000000085200000, 0x0000000085300000, 0x0000000085300000|100%| O|  |TAMS 0x0000000085300000, 0x0000000085200000| Untracked 
|  83|0x0000000085300000, 0x0000000085300000, 0x0000000085400000|  0%| F|  |TAMS 0x0000000085300000, 0x0000000085300000| Untracked 
|  84|0x0000000085400000, 0x0000000085500000, 0x0000000085500000|100%| O|  |TAMS 0x0000000085500000, 0x0000000085400000| Untracked 
|  85|0x0000000085500000, 0x0000000085600000, 0x0000000085600000|100%| O|  |TAMS 0x0000000085600000, 0x0000000085500000| Untracked 
|  86|0x0000000085600000, 0x0000000085700000, 0x0000000085700000|100%| O|  |TAMS 0x0000000085700000, 0x0000000085600000| Untracked 
|  87|0x0000000085700000, 0x0000000085800000, 0x0000000085800000|100%| O|  |TAMS 0x0000000085800000, 0x0000000085700000| Untracked 
|  88|0x0000000085800000, 0x0000000085900000, 0x0000000085900000|100%| O|  |TAMS 0x0000000085900000, 0x0000000085800000| Untracked 
|  89|0x0000000085900000, 0x0000000085a00000, 0x0000000085a00000|100%| O|  |TAMS 0x0000000085a00000, 0x0000000085900000| Untracked 
|  90|0x0000000085a00000, 0x0000000085b00000, 0x0000000085b00000|100%| O|  |TAMS 0x0000000085b00000, 0x0000000085a00000| Untracked 
|  91|0x0000000085b00000, 0x0000000085c00000, 0x0000000085c00000|100%| O|  |TAMS 0x0000000085c00000, 0x0000000085b00000| Untracked 
|  92|0x0000000085c00000, 0x0000000085d00000, 0x0000000085d00000|100%| O|  |TAMS 0x0000000085d00000, 0x0000000085c00000| Untracked 
|  93|0x0000000085d00000, 0x0000000085e00000, 0x0000000085e00000|100%| O|  |TAMS 0x0000000085e00000, 0x0000000085d00000| Untracked 
|  94|0x0000000085e00000, 0x0000000085f00000, 0x0000000085f00000|100%| O|  |TAMS 0x0000000085f00000, 0x0000000085e00000| Untracked 
|  95|0x0000000085f00000, 0x0000000086000000, 0x0000000086000000|100%| O|  |TAMS 0x0000000086000000, 0x0000000085f00000| Untracked 
|  96|0x0000000086000000, 0x0000000086100000, 0x0000000086100000|100%| O|  |TAMS 0x0000000086100000, 0x0000000086000000| Untracked 
|  97|0x0000000086100000, 0x0000000086200000, 0x0000000086200000|100%| O|  |TAMS 0x0000000086200000, 0x0000000086100000| Untracked 
|  98|0x0000000086200000, 0x0000000086300000, 0x0000000086300000|100%| O|  |TAMS 0x0000000086300000, 0x0000000086200000| Untracked 
|  99|0x0000000086300000, 0x0000000086400000, 0x0000000086400000|100%| O|  |TAMS 0x0000000086400000, 0x0000000086300000| Untracked 
| 100|0x0000000086400000, 0x0000000086500000, 0x0000000086500000|100%| O|  |TAMS 0x0000000086500000, 0x0000000086400000| Untracked 
| 101|0x0000000086500000, 0x0000000086600000, 0x0000000086600000|100%| O|  |TAMS 0x0000000086600000, 0x0000000086500000| Untracked 
| 102|0x0000000086600000, 0x0000000086700000, 0x0000000086700000|100%| O|  |TAMS 0x0000000086700000, 0x0000000086600000| Untracked 
| 103|0x0000000086700000, 0x0000000086800000, 0x0000000086800000|100%| O|  |TAMS 0x0000000086800000, 0x0000000086700000| Untracked 
| 104|0x0000000086800000, 0x0000000086900000, 0x0000000086900000|100%| O|  |TAMS 0x0000000086900000, 0x0000000086800000| Untracked 
| 105|0x0000000086900000, 0x0000000086a00000, 0x0000000086a00000|100%| O|  |TAMS 0x0000000086a00000, 0x0000000086900000| Untracked 
| 106|0x0000000086a00000, 0x0000000086b00000, 0x0000000086b00000|100%| O|  |TAMS 0x0000000086b00000, 0x0000000086a00000| Untracked 
| 107|0x0000000086b00000, 0x0000000086c00000, 0x0000000086c00000|100%| O|  |TAMS 0x0000000086c00000, 0x0000000086b00000| Untracked 
| 108|0x0000000086c00000, 0x0000000086d00000, 0x0000000086d00000|100%| O|  |TAMS 0x0000000086d00000, 0x0000000086c00000| Untracked 
| 109|0x0000000086d00000, 0x0000000086e00000, 0x0000000086e00000|100%| O|  |TAMS 0x0000000086e00000, 0x0000000086d00000| Untracked 
| 110|0x0000000086e00000, 0x0000000086f00000, 0x0000000086f00000|100%| O|  |TAMS 0x0000000086f00000, 0x0000000086e00000| Untracked 
| 111|0x0000000086f00000, 0x0000000087000000, 0x0000000087000000|100%| O|  |TAMS 0x0000000087000000, 0x0000000086f00000| Untracked 
| 112|0x0000000087000000, 0x0000000087100000, 0x0000000087100000|100%| O|  |TAMS 0x0000000087100000, 0x0000000087000000| Untracked 
| 113|0x0000000087100000, 0x0000000087200000, 0x0000000087200000|100%| O|  |TAMS 0x0000000087200000, 0x0000000087100000| Untracked 
| 114|0x0000000087200000, 0x0000000087300000, 0x0000000087300000|100%| O|  |TAMS 0x0000000087300000, 0x0000000087200000| Untracked 
| 115|0x0000000087300000, 0x0000000087400000, 0x0000000087400000|100%| O|  |TAMS 0x000000008735f800, 0x0000000087300000| Untracked 
| 116|0x0000000087400000, 0x0000000087500000, 0x0000000087500000|100%|HS|  |TAMS 0x0000000087400000, 0x0000000087400000| Complete 
| 117|0x0000000087500000, 0x0000000087600000, 0x0000000087600000|100%|HC|  |TAMS 0x0000000087500000, 0x0000000087500000| Complete 
| 118|0x0000000087600000, 0x0000000087700000, 0x0000000087700000|100%| O|  |TAMS 0x0000000087600000, 0x0000000087600000| Untracked 
| 119|0x0000000087700000, 0x0000000087800000, 0x0000000087800000|100%| O|  |TAMS 0x0000000087700000, 0x0000000087700000| Untracked 
| 120|0x0000000087800000, 0x0000000087900000, 0x0000000087900000|100%| O|  |TAMS 0x0000000087800000, 0x0000000087800000| Untracked 
| 121|0x0000000087900000, 0x0000000087a00000, 0x0000000087a00000|100%| O|  |TAMS 0x0000000087900000, 0x0000000087900000| Untracked 
| 122|0x0000000087a00000, 0x0000000087b00000, 0x0000000087b00000|100%| O|  |TAMS 0x0000000087a00000, 0x0000000087a00000| Untracked 
| 123|0x0000000087b00000, 0x0000000087c00000, 0x0000000087c00000|100%| O|  |TAMS 0x0000000087b00000, 0x0000000087b00000| Untracked 
| 124|0x0000000087c00000, 0x0000000087d00000, 0x0000000087d00000|100%| O|  |TAMS 0x0000000087c00000, 0x0000000087c00000| Untracked 
| 125|0x0000000087d00000, 0x0000000087e00000, 0x0000000087e00000|100%| O|  |TAMS 0x0000000087d00000, 0x0000000087d00000| Untracked 
| 126|0x0000000087e00000, 0x0000000087f00000, 0x0000000087f00000|100%| O|  |TAMS 0x0000000087e00000, 0x0000000087e00000| Untracked 
| 127|0x0000000087f00000, 0x0000000088000000, 0x0000000088000000|100%| O|  |TAMS 0x0000000087f00000, 0x0000000087f00000| Untracked 
| 128|0x0000000088000000, 0x0000000088100000, 0x0000000088100000|100%| O|  |TAMS 0x0000000088000000, 0x0000000088000000| Untracked 
| 129|0x0000000088100000, 0x00000000881b3e00, 0x0000000088200000| 70%| O|  |TAMS 0x0000000088100000, 0x0000000088100000| Untracked 
| 130|0x0000000088200000, 0x0000000088200000, 0x0000000088300000|  0%| F|  |TAMS 0x0000000088200000, 0x0000000088200000| Untracked 
| 131|0x0000000088300000, 0x0000000088300000, 0x0000000088400000|  0%| F|  |TAMS 0x0000000088300000, 0x0000000088300000| Untracked 
| 132|0x0000000088400000, 0x0000000088400000, 0x0000000088500000|  0%| F|  |TAMS 0x0000000088400000, 0x0000000088400000| Untracked 
| 133|0x0000000088500000, 0x0000000088500000, 0x0000000088600000|  0%| F|  |TAMS 0x0000000088500000, 0x0000000088500000| Untracked 
| 134|0x0000000088600000, 0x0000000088700000, 0x0000000088700000|100%| O|  |TAMS 0x0000000088700000, 0x0000000088600000| Untracked 
| 135|0x0000000088700000, 0x0000000088700000, 0x0000000088800000|  0%| F|  |TAMS 0x0000000088700000, 0x0000000088700000| Untracked 
| 136|0x0000000088800000, 0x0000000088800000, 0x0000000088900000|  0%| F|  |TAMS 0x0000000088800000, 0x0000000088800000| Untracked 
| 137|0x0000000088900000, 0x0000000088900000, 0x0000000088a00000|  0%| F|  |TAMS 0x0000000088900000, 0x0000000088900000| Untracked 
| 138|0x0000000088a00000, 0x0000000088a00000, 0x0000000088b00000|  0%| F|  |TAMS 0x0000000088a00000, 0x0000000088a00000| Untracked 
| 139|0x0000000088b00000, 0x0000000088b00000, 0x0000000088c00000|  0%| F|  |TAMS 0x0000000088b00000, 0x0000000088b00000| Untracked 
| 140|0x0000000088c00000, 0x0000000088c00000, 0x0000000088d00000|  0%| F|  |TAMS 0x0000000088c00000, 0x0000000088c00000| Untracked 
| 141|0x0000000088d00000, 0x0000000088d00000, 0x0000000088e00000|  0%| F|  |TAMS 0x0000000088d00000, 0x0000000088d00000| Untracked 
| 142|0x0000000088e00000, 0x0000000088e00000, 0x0000000088f00000|  0%| F|  |TAMS 0x0000000088e00000, 0x0000000088e00000| Untracked 
| 143|0x0000000088f00000, 0x0000000088f00000, 0x0000000089000000|  0%| F|  |TAMS 0x0000000088f00000, 0x0000000088f00000| Untracked 
| 144|0x0000000089000000, 0x0000000089000000, 0x0000000089100000|  0%| F|  |TAMS 0x0000000089000000, 0x0000000089000000| Untracked 
| 145|0x0000000089100000, 0x0000000089100000, 0x0000000089200000|  0%| F|  |TAMS 0x0000000089100000, 0x0000000089100000| Untracked 
| 146|0x0000000089200000, 0x0000000089200000, 0x0000000089300000|  0%| F|  |TAMS 0x0000000089200000, 0x0000000089200000| Untracked 
| 147|0x0000000089300000, 0x0000000089300000, 0x0000000089400000|  0%| F|  |TAMS 0x0000000089300000, 0x0000000089300000| Untracked 
| 148|0x0000000089400000, 0x0000000089400000, 0x0000000089500000|  0%| F|  |TAMS 0x0000000089400000, 0x0000000089400000| Untracked 
| 149|0x0000000089500000, 0x0000000089500000, 0x0000000089600000|  0%| F|  |TAMS 0x0000000089500000, 0x0000000089500000| Untracked 
| 150|0x0000000089600000, 0x0000000089600000, 0x0000000089700000|  0%| F|  |TAMS 0x0000000089600000, 0x0000000089600000| Untracked 
| 151|0x0000000089700000, 0x0000000089700000, 0x0000000089800000|  0%| F|  |TAMS 0x0000000089700000, 0x0000000089700000| Untracked 
| 152|0x0000000089800000, 0x0000000089800000, 0x0000000089900000|  0%| F|  |TAMS 0x0000000089800000, 0x0000000089800000| Untracked 
| 153|0x0000000089900000, 0x0000000089900000, 0x0000000089a00000|  0%| F|  |TAMS 0x0000000089900000, 0x0000000089900000| Untracked 
| 154|0x0000000089a00000, 0x0000000089a00000, 0x0000000089b00000|  0%| F|  |TAMS 0x0000000089a00000, 0x0000000089a00000| Untracked 
| 155|0x0000000089b00000, 0x0000000089b00000, 0x0000000089c00000|  0%| F|  |TAMS 0x0000000089b00000, 0x0000000089b00000| Untracked 
| 156|0x0000000089c00000, 0x0000000089c00000, 0x0000000089d00000|  0%| F|  |TAMS 0x0000000089c00000, 0x0000000089c00000| Untracked 
| 157|0x0000000089d00000, 0x0000000089d00000, 0x0000000089e00000|  0%| F|  |TAMS 0x0000000089d00000, 0x0000000089d00000| Untracked 
| 158|0x0000000089e00000, 0x0000000089e00000, 0x0000000089f00000|  0%| F|  |TAMS 0x0000000089e00000, 0x0000000089e00000| Untracked 
| 159|0x0000000089f00000, 0x0000000089f00000, 0x000000008a000000|  0%| F|  |TAMS 0x0000000089f00000, 0x0000000089f00000| Untracked 
| 160|0x000000008a000000, 0x000000008a029840, 0x000000008a100000| 16%| S|  |TAMS 0x000000008a000000, 0x000000008a000000| Complete 
| 161|0x000000008a100000, 0x000000008a200000, 0x000000008a200000|100%| S|  |TAMS 0x000000008a100000, 0x000000008a100000| Complete 
| 162|0x000000008a200000, 0x000000008a300000, 0x000000008a300000|100%| S|  |TAMS 0x000000008a200000, 0x000000008a200000| Complete 
| 163|0x000000008a300000, 0x000000008a400000, 0x000000008a400000|100%| E|CS|TAMS 0x000000008a300000, 0x000000008a300000| Complete 
| 164|0x000000008a400000, 0x000000008a500000, 0x000000008a500000|100%| E|CS|TAMS 0x000000008a400000, 0x000000008a400000| Complete 
| 165|0x000000008a500000, 0x000000008a600000, 0x000000008a600000|100%| E|CS|TAMS 0x000000008a500000, 0x000000008a500000| Complete 
| 166|0x000000008a600000, 0x000000008a700000, 0x000000008a700000|100%| E|CS|TAMS 0x000000008a600000, 0x000000008a600000| Complete 
| 167|0x000000008a700000, 0x000000008a800000, 0x000000008a800000|100%| E|CS|TAMS 0x000000008a700000, 0x000000008a700000| Complete 
| 168|0x000000008a800000, 0x000000008a900000, 0x000000008a900000|100%| E|CS|TAMS 0x000000008a800000, 0x000000008a800000| Complete 
| 169|0x000000008a900000, 0x000000008a9ffff8, 0x000000008aa00000| 99%| E|CS|TAMS 0x000000008a900000, 0x000000008a900000| Complete 
| 170|0x000000008aa00000, 0x000000008ab00000, 0x000000008ab00000|100%| E|CS|TAMS 0x000000008aa00000, 0x000000008aa00000| Complete 
| 171|0x000000008ab00000, 0x000000008ac00000, 0x000000008ac00000|100%| E|CS|TAMS 0x000000008ab00000, 0x000000008ab00000| Complete 
| 172|0x000000008ac00000, 0x000000008ad00000, 0x000000008ad00000|100%| E|CS|TAMS 0x000000008ac00000, 0x000000008ac00000| Complete 
| 173|0x000000008ad00000, 0x000000008ae00000, 0x000000008ae00000|100%| E|CS|TAMS 0x000000008ad00000, 0x000000008ad00000| Complete 
| 174|0x000000008ae00000, 0x000000008af00000, 0x000000008af00000|100%| E|CS|TAMS 0x000000008ae00000, 0x000000008ae00000| Complete 
| 175|0x000000008af00000, 0x000000008b000000, 0x000000008b000000|100%| E|CS|TAMS 0x000000008af00000, 0x000000008af00000| Complete 
| 176|0x000000008b000000, 0x000000008b100000, 0x000000008b100000|100%| E|CS|TAMS 0x000000008b000000, 0x000000008b000000| Complete 
| 177|0x000000008b100000, 0x000000008b200000, 0x000000008b200000|100%| E|CS|TAMS 0x000000008b100000, 0x000000008b100000| Complete 
| 178|0x000000008b200000, 0x000000008b300000, 0x000000008b300000|100%| E|CS|TAMS 0x000000008b200000, 0x000000008b200000| Complete 
| 179|0x000000008b300000, 0x000000008b400000, 0x000000008b400000|100%| E|CS|TAMS 0x000000008b300000, 0x000000008b300000| Complete 
| 180|0x000000008b400000, 0x000000008b500000, 0x000000008b500000|100%| E|CS|TAMS 0x000000008b400000, 0x000000008b400000| Complete 
| 181|0x000000008b500000, 0x000000008b600000, 0x000000008b600000|100%| E|CS|TAMS 0x000000008b500000, 0x000000008b500000| Complete 
| 182|0x000000008b600000, 0x000000008b700000, 0x000000008b700000|100%| E|CS|TAMS 0x000000008b600000, 0x000000008b600000| Complete 
| 183|0x000000008b700000, 0x000000008b800000, 0x000000008b800000|100%| E|CS|TAMS 0x000000008b700000, 0x000000008b700000| Complete 
| 184|0x000000008b800000, 0x000000008b900000, 0x000000008b900000|100%| E|CS|TAMS 0x000000008b800000, 0x000000008b800000| Complete 
| 185|0x000000008b900000, 0x000000008ba00000, 0x000000008ba00000|100%| E|CS|TAMS 0x000000008b900000, 0x000000008b900000| Complete 
| 186|0x000000008ba00000, 0x000000008ba951d8, 0x000000008bb00000| 58%| E|CS|TAMS 0x000000008ba00000, 0x000000008ba00000| Complete 
| 187|0x000000008bb00000, 0x000000008bc00000, 0x000000008bc00000|100%| E|CS|TAMS 0x000000008bb00000, 0x000000008bb00000| Complete 
| 188|0x000000008bc00000, 0x000000008bd00000, 0x000000008bd00000|100%| E|CS|TAMS 0x000000008bc00000, 0x000000008bc00000| Complete 
| 189|0x000000008bd00000, 0x000000008be00000, 0x000000008be00000|100%| E|CS|TAMS 0x000000008bd00000, 0x000000008bd00000| Complete 
| 190|0x000000008be00000, 0x000000008bf00000, 0x000000008bf00000|100%| E|CS|TAMS 0x000000008be00000, 0x000000008be00000| Complete 
| 191|0x000000008bf00000, 0x000000008c000000, 0x000000008c000000|100%| E|CS|TAMS 0x000000008bf00000, 0x000000008bf00000| Complete 

Card table byte_map: [0x000001a44e5f0000,0x000001a44e9f0000] _byte_map_base: 0x000001a44e1f0000

Marking Bits (Prev, Next): (CMBitMap*) 0x000001a43b73fa20, (CMBitMap*) 0x000001a43b73f9e8
 Prev Bits: [0x000001a450df0000, 0x000001a452df0000)
 Next Bits: [0x000001a44edf0000, 0x000001a450df0000)

Polling page: 0x000001a4396c0000

Metaspace:

Usage:
  Non-class:     90.38 MB capacity,    88.74 MB ( 98%) used,     1.37 MB (  2%) free+waste,   284.25 KB ( <1%) overhead. 
      Class:     13.51 MB capacity,    12.61 MB ( 93%) used,   798.13 KB (  6%) free+waste,   125.38 KB ( <1%) overhead. 
       Both:    103.89 MB capacity,   101.34 MB ( 98%) used,     2.15 MB (  2%) free+waste,   409.63 KB ( <1%) overhead. 

Virtual space:
  Non-class space:       92.00 MB reserved,      90.54 MB ( 98%) committed 
      Class space:        1.00 GB reserved,      13.63 MB (  1%) committed 
             Both:        1.09 GB reserved,     104.16 MB (  9%) committed 

Chunk freelists:
   Non-Class:  31.00 KB
       Class:  0 bytes
        Both:  31.00 KB

MaxMetaspaceSize: 17179869184.00 GB
CompressedClassSpaceSize: 1.00 GB

CodeHeap 'non-profiled nmethods': size=120064Kb used=10938Kb max_used=11258Kb free=109125Kb
 bounds [0x000001a446cb0000, 0x000001a4477c0000, 0x000001a44e1f0000]
CodeHeap 'profiled nmethods': size=120000Kb used=31018Kb max_used=31149Kb free=88981Kb
 bounds [0x000001a43f780000, 0x000001a441610000, 0x000001a446cb0000]
CodeHeap 'non-nmethods': size=5696Kb used=2312Kb max_used=2372Kb free=3383Kb
 bounds [0x000001a43f1f0000, 0x000001a43f460000, 0x000001a43f780000]
 total_blobs=15039 nmethods=14117 adapters=831
 compilation: enabled
              stopped_count=0, restarted_count=0
 full_count=0

Compilation events (20 events):
Event: 169.198 Thread 0x000001a45531c000 15223       2       com.google.common.collect.ImmutableMultimap$Builder::build (41 bytes)
Event: 169.199 Thread 0x000001a45531c000 nmethod 15223 0x000001a43fe97c10 code [0x000001a43fe97e20, 0x000001a43fe982c8]
Event: 169.199 Thread 0x000001a45531c000 15224       2       com.google.common.collect.ImmutableMultimap::entries (8 bytes)
Event: 169.200 Thread 0x000001a45531c000 nmethod 15224 0x000001a43fda0b90 code [0x000001a43fda0d40, 0x000001a43fda0f98]
Event: 169.202 Thread 0x000001a45531c000 15225       2       com.google.common.collect.ImmutableListMultimap::fromMapEntries (141 bytes)
Event: 169.206 Thread 0x000001a45531c000 nmethod 15225 0x000001a43fec2a10 code [0x000001a43fec2d00, 0x000001a43fec3888]
Event: 169.243 Thread 0x000001a45531c000 15227       3       org.gradle.internal.snapshot.AbstractListChildMap::withReplacedChild (78 bytes)
Event: 169.245 Thread 0x000001a45531c000 nmethod 15227 0x000001a43fec6c10 code [0x000001a43fec6e80, 0x000001a43fec7ab8]
Event: 169.245 Thread 0x000001a45531c000 15228       2       com.google.common.collect.Iterators::emptyListIterator (4 bytes)
Event: 169.245 Thread 0x000001a45531c000 nmethod 15228 0x000001a43f7b6a90 code [0x000001a43f7b6c40, 0x000001a43f7b6d18]
Event: 169.245 Thread 0x000001a45531c000 15229       2       com.google.common.collect.ImmutableMultimap::entries (5 bytes)
Event: 169.245 Thread 0x000001a45531c000 nmethod 15229 0x000001a43fbe5590 code [0x000001a43fbe5740, 0x000001a43fbe5868]
Event: 169.250 Thread 0x000001a457214000 nmethod 15191 0x000001a446dccf90 code [0x000001a446dcd2c0, 0x000001a446dcf8d0]
Event: 169.250 Thread 0x000001a457214000 15217       4       java.util.Collections::indexedBinarySearch (85 bytes)
Event: 169.264 Thread 0x000001a45531c000 15230       2       com.google.common.collect.Iterators::emptyIterator (4 bytes)
Event: 169.265 Thread 0x000001a45531c000 nmethod 15230 0x000001a43f7c7310 code [0x000001a43f7c74c0, 0x000001a43f7c7598]
Event: 169.268 Thread 0x000001a45531c000 15231       3       org.gradle.api.internal.tasks.compile.tooling.JavaCompileTaskSuccessResultPostProcessor::finished (56 bytes)
Event: 169.269 Thread 0x000001a45531c000 nmethod 15231 0x000001a43fec1c90 code [0x000001a43fec1ec0, 0x000001a43fec2768]
Event: 169.270 Thread 0x000001a45531c000 15232       2       com.google.common.collect.ImmutableMultimap$1::<init> (39 bytes)
Event: 169.271 Thread 0x000001a45531c000 nmethod 15232 0x000001a43fe2ea90 code [0x000001a43fe2ec60, 0x000001a43fe2ef18]

GC Heap History (20 events):
Event: 86.267 GC heap after
{Heap after GC invocations=33 (full 0):
 garbage-first heap   total 196608K, used 101491K [0x0000000080000000, 0x0000000100000000)
  region size 1024K, 3 young (3072K), 3 survivors (3072K)
 Metaspace       used 92021K, capacity 94249K, committed 94372K, reserved 1132544K
  class space    used 11514K, capacity 12306K, committed 12416K, reserved 1048576K
}
Event: 145.466 GC heap before
{Heap before GC invocations=34 (full 0):
 garbage-first heap   total 196608K, used 151667K [0x0000000080000000, 0x0000000100000000)
  region size 1024K, 53 young (54272K), 3 survivors (3072K)
 Metaspace       used 93935K, capacity 96194K, committed 96420K, reserved 1132544K
  class space    used 11716K, capacity 12550K, committed 12672K, reserved 1048576K
}
Event: 145.503 GC heap after
{Heap after GC invocations=35 (full 0):
 garbage-first heap   total 196608K, used 109568K [0x0000000080000000, 0x0000000100000000)
  region size 1024K, 7 young (7168K), 7 survivors (7168K)
 Metaspace       used 93935K, capacity 96194K, committed 96420K, reserved 1132544K
  class space    used 11716K, capacity 12550K, committed 12672K, reserved 1048576K
}
Event: 145.525 GC heap before
{Heap before GC invocations=35 (full 0):
 garbage-first heap   total 196608K, used 111616K [0x0000000080000000, 0x0000000100000000)
  region size 1024K, 9 young (9216K), 7 survivors (7168K)
 Metaspace       used 93935K, capacity 96194K, committed 96420K, reserved 1132544K
  class space    used 11716K, capacity 12550K, committed 12672K, reserved 1048576K
}
Event: 145.554 GC heap after
{Heap after GC invocations=36 (full 0):
 garbage-first heap   total 196608K, used 105131K [0x0000000080000000, 0x0000000100000000)
  region size 1024K, 1 young (1024K), 1 survivors (1024K)
 Metaspace       used 93935K, capacity 96194K, committed 96420K, reserved 1132544K
  class space    used 11716K, capacity 12550K, committed 12672K, reserved 1048576K
}
Event: 147.424 GC heap before
{Heap before GC invocations=36 (full 0):
 garbage-first heap   total 196608K, used 155307K [0x0000000080000000, 0x0000000100000000)
  region size 1024K, 48 young (49152K), 1 survivors (1024K)
 Metaspace       used 94388K, capacity 96661K, committed 96932K, reserved 1134592K
  class space    used 11749K, capacity 12555K, committed 12672K, reserved 1048576K
}
Event: 147.440 GC heap after
{Heap after GC invocations=37 (full 0):
 garbage-first heap   total 196608K, used 108033K [0x0000000080000000, 0x0000000100000000)
  region size 1024K, 4 young (4096K), 4 survivors (4096K)
 Metaspace       used 94388K, capacity 96661K, committed 96932K, reserved 1134592K
  class space    used 11749K, capacity 12555K, committed 12672K, reserved 1048576K
}
Event: 149.224 GC heap before
{Heap before GC invocations=38 (full 0):
 garbage-first heap   total 196608K, used 155137K [0x0000000080000000, 0x0000000100000000)
  region size 1024K, 51 young (52224K), 4 survivors (4096K)
 Metaspace       used 94682K, capacity 96991K, committed 97188K, reserved 1134592K
  class space    used 11798K, capacity 12602K, committed 12672K, reserved 1048576K
}
Event: 149.245 GC heap after
{Heap after GC invocations=39 (full 0):
 garbage-first heap   total 196608K, used 109230K [0x0000000080000000, 0x0000000100000000)
  region size 1024K, 5 young (5120K), 5 survivors (5120K)
 Metaspace       used 94682K, capacity 96991K, committed 97188K, reserved 1134592K
  class space    used 11798K, capacity 12602K, committed 12672K, reserved 1048576K
}
Event: 149.480 GC heap before
{Heap before GC invocations=39 (full 0):
 garbage-first heap   total 196608K, used 112302K [0x0000000080000000, 0x0000000100000000)
  region size 1024K, 9 young (9216K), 5 survivors (5120K)
 Metaspace       used 94935K, capacity 97161K, committed 97444K, reserved 1134592K
  class space    used 11830K, capacity 12616K, committed 12672K, reserved 1048576K
}
Event: 149.500 GC heap after
{Heap after GC invocations=40 (full 0):
 garbage-first heap   total 196608K, used 108578K [0x0000000080000000, 0x0000000100000000)
  region size 1024K, 2 young (2048K), 2 survivors (2048K)
 Metaspace       used 94935K, capacity 97161K, committed 97444K, reserved 1134592K
  class space    used 11830K, capacity 12616K, committed 12672K, reserved 1048576K
}
Event: 152.421 GC heap before
{Heap before GC invocations=40 (full 0):
 garbage-first heap   total 196608K, used 157730K [0x0000000080000000, 0x0000000100000000)
  region size 1024K, 50 young (51200K), 2 survivors (2048K)
 Metaspace       used 95843K, capacity 98165K, committed 98468K, reserved 1134592K
  class space    used 11949K, capacity 12803K, committed 12928K, reserved 1048576K
}
Event: 152.457 GC heap after
{Heap after GC invocations=41 (full 0):
 garbage-first heap   total 196608K, used 118690K [0x0000000080000000, 0x0000000100000000)
  region size 1024K, 7 young (7168K), 7 survivors (7168K)
 Metaspace       used 95843K, capacity 98165K, committed 98468K, reserved 1134592K
  class space    used 11949K, capacity 12803K, committed 12928K, reserved 1048576K
}
Event: 155.305 GC heap before
{Heap before GC invocations=41 (full 0):
 garbage-first heap   total 196608K, used 144290K [0x0000000080000000, 0x0000000100000000)
  region size 1024K, 34 young (34816K), 7 survivors (7168K)
 Metaspace       used 101457K, capacity 103900K, committed 103972K, reserved 1140736K
  class space    used 12667K, capacity 13522K, committed 13568K, reserved 1048576K
}
Event: 155.332 GC heap after
{Heap after GC invocations=42 (full 0):
 garbage-first heap   total 196608K, used 121175K [0x0000000080000000, 0x0000000100000000)
  region size 1024K, 2 young (2048K), 2 survivors (2048K)
 Metaspace       used 101457K, capacity 103900K, committed 103972K, reserved 1140736K
  class space    used 12667K, capacity 13522K, committed 13568K, reserved 1048576K
}
Event: 166.624 GC heap before
{Heap before GC invocations=43 (full 0):
 garbage-first heap   total 196608K, used 158039K [0x0000000080000000, 0x0000000100000000)
  region size 1024K, 36 young (36864K), 2 survivors (2048K)
 Metaspace       used 101912K, capacity 104233K, committed 104484K, reserved 1140736K
  class space    used 12703K, capacity 13568K, committed 13568K, reserved 1048576K
}
Event: 166.649 GC heap after
{Heap after GC invocations=44 (full 0):
 garbage-first heap   total 196608K, used 132728K [0x0000000080000000, 0x0000000100000000)
  region size 1024K, 5 young (5120K), 5 survivors (5120K)
 Metaspace       used 101912K, capacity 104233K, committed 104484K, reserved 1140736K
  class space    used 12703K, capacity 13568K, committed 13568K, reserved 1048576K
}
Event: 166.958 GC heap before
{Heap before GC invocations=44 (full 0):
 garbage-first heap   total 196608K, used 136824K [0x0000000080000000, 0x0000000100000000)
  region size 1024K, 9 young (9216K), 5 survivors (5120K)
 Metaspace       used 102147K, capacity 104506K, committed 104612K, reserved 1140736K
  class space    used 12725K, capacity 13616K, committed 13696K, reserved 1048576K
}
Event: 166.978 GC heap after
{Heap after GC invocations=45 (full 0):
 garbage-first heap   total 196608K, used 133411K [0x0000000080000000, 0x0000000100000000)
  region size 1024K, 2 young (2048K), 2 survivors (2048K)
 Metaspace       used 102147K, capacity 104506K, committed 104612K, reserved 1140736K
  class space    used 12725K, capacity 13616K, committed 13696K, reserved 1048576K
}
Event: 169.282 GC heap before
{Heap before GC invocations=45 (full 0):
 garbage-first heap   total 196608K, used 160035K [0x0000000080000000, 0x0000000100000000)
  region size 1024K, 29 young (29696K), 2 survivors (2048K)
 Metaspace       used 103773K, capacity 106381K, committed 106660K, reserved 1142784K
  class space    used 12908K, capacity 13832K, committed 13952K, reserved 1048576K
}

Deoptimization events (20 events):
Event: 168.653 Thread 0x000001a455d69800 Uncommon trap: trap_request=0xffffffc6 fr.pc=0x000001a4476b7604 relative=0x0000000000000324
Event: 168.653 Thread 0x000001a455d69800 Uncommon trap: reason=bimorphic_or_optimized_type_check action=maybe_recompile pc=0x000001a4476b7604 method=java.util.ArrayList$ArrayListSpliterator.tryAdvance(Ljava/util/function/Consumer;)Z @ 48 c2
Event: 168.653 Thread 0x000001a455d69800 DEOPT PACKING pc=0x000001a4476b7604 sp=0x0000004397cf5dd0
Event: 168.653 Thread 0x000001a455d69800 DEOPT UNPACKING pc=0x000001a43f21782f sp=0x0000004397cf5d50 mode 2
Event: 168.694 Thread 0x000001a455d69800 Uncommon trap: trap_request=0xffffff4d fr.pc=0x000001a446ee0b94 relative=0x00000000000009b4
Event: 168.694 Thread 0x000001a455d69800 Uncommon trap: reason=unstable_if action=reinterpret pc=0x000001a446ee0b94 method=java.util.zip.ZipFile$CleanableResource.releaseInflater(Ljava/util/zip/Inflater;)V @ 6 c2
Event: 168.694 Thread 0x000001a455d69800 DEOPT PACKING pc=0x000001a446ee0b94 sp=0x0000004397cf6250
Event: 168.694 Thread 0x000001a455d69800 DEOPT UNPACKING pc=0x000001a43f21782f sp=0x0000004397cf61c8 mode 2
Event: 168.875 Thread 0x000001a455d69800 Uncommon trap: trap_request=0xffffff4d fr.pc=0x000001a4476b8188 relative=0x00000000000000c8
Event: 168.875 Thread 0x000001a455d69800 Uncommon trap: reason=unstable_if action=reinterpret pc=0x000001a4476b8188 method=org.gradle.api.internal.tasks.compile.tooling.JavaCompileTaskSuccessResultPostProcessor.finished(Lorg/gradle/internal/operations/BuildOperationDescriptor;Lorg/gradle/interna
Event: 168.875 Thread 0x000001a455d69800 DEOPT PACKING pc=0x000001a4476b8188 sp=0x0000004397cf6f40
Event: 168.875 Thread 0x000001a455d69800 DEOPT UNPACKING pc=0x000001a43f21782f sp=0x0000004397cf6eb8 mode 2
Event: 169.119 Thread 0x000001a455d69800 Uncommon trap: trap_request=0xffffffde fr.pc=0x000001a447538f68 relative=0x0000000000000528
Event: 169.119 Thread 0x000001a455d69800 Uncommon trap: reason=class_check action=maybe_recompile pc=0x000001a447538f68 method=org.gradle.internal.snapshot.LargeChildMap.withNode(Lorg/gradle/internal/snapshot/VfsRelativePath;Lorg/gradle/internal/snapshot/CaseSensitivity;Lorg/gradle/internal/snap
Event: 169.119 Thread 0x000001a455d69800 DEOPT PACKING pc=0x000001a447538f68 sp=0x0000004397cf9140
Event: 169.119 Thread 0x000001a455d69800 DEOPT UNPACKING pc=0x000001a43f21782f sp=0x0000004397cf9100 mode 2
Event: 169.119 Thread 0x000001a455d69800 Uncommon trap: trap_request=0xffffffde fr.pc=0x000001a447538f68 relative=0x0000000000000528
Event: 169.119 Thread 0x000001a455d69800 Uncommon trap: reason=class_check action=maybe_recompile pc=0x000001a447538f68 method=org.gradle.internal.snapshot.LargeChildMap.withNode(Lorg/gradle/internal/snapshot/VfsRelativePath;Lorg/gradle/internal/snapshot/CaseSensitivity;Lorg/gradle/internal/snap
Event: 169.119 Thread 0x000001a455d69800 DEOPT PACKING pc=0x000001a447538f68 sp=0x0000004397cf9140
Event: 169.119 Thread 0x000001a455d69800 DEOPT UNPACKING pc=0x000001a43f21782f sp=0x0000004397cf9100 mode 2

Classes redefined (0 events):
No events

Internal exceptions (20 events):
Event: 167.121 Thread 0x000001a455d69800 Exception <a 'sun/nio/fs/WindowsException'{0x000000008bececc8}> (0x000000008bececc8) thrown at [./src/hotspot/share/prims/jni.cpp, line 615]
Event: 167.121 Thread 0x000001a455d69800 Exception <a 'sun/nio/fs/WindowsException'{0x000000008becee68}> (0x000000008becee68) thrown at [./src/hotspot/share/prims/jni.cpp, line 615]
Event: 167.146 Thread 0x000001a455d69800 Exception <a 'sun/nio/fs/WindowsException'{0x000000008bd61388}> (0x000000008bd61388) thrown at [./src/hotspot/share/prims/jni.cpp, line 615]
Event: 167.146 Thread 0x000001a455d69800 Exception <a 'sun/nio/fs/WindowsException'{0x000000008bd61528}> (0x000000008bd61528) thrown at [./src/hotspot/share/prims/jni.cpp, line 615]
Event: 167.382 Thread 0x000001a455d69800 Exception <a 'sun/nio/fs/WindowsException'{0x000000008b9a6368}> (0x000000008b9a6368) thrown at [./src/hotspot/share/prims/jni.cpp, line 615]
Event: 167.382 Thread 0x000001a455d69800 Exception <a 'sun/nio/fs/WindowsException'{0x000000008b9a64e0}> (0x000000008b9a64e0) thrown at [./src/hotspot/share/prims/jni.cpp, line 615]
Event: 167.459 Thread 0x000001a455d69800 Exception <a 'sun/nio/fs/WindowsException'{0x000000008b81c550}> (0x000000008b81c550) thrown at [./src/hotspot/share/prims/jni.cpp, line 615]
Event: 167.459 Thread 0x000001a455d69800 Exception <a 'sun/nio/fs/WindowsException'{0x000000008b81c6e0}> (0x000000008b81c6e0) thrown at [./src/hotspot/share/prims/jni.cpp, line 615]
Event: 167.469 Thread 0x000001a455d69800 Exception <a 'sun/nio/fs/WindowsException'{0x000000008b894150}> (0x000000008b894150) thrown at [./src/hotspot/share/prims/jni.cpp, line 615]
Event: 167.469 Thread 0x000001a455d69800 Exception <a 'sun/nio/fs/WindowsException'{0x000000008b8942d0}> (0x000000008b8942d0) thrown at [./src/hotspot/share/prims/jni.cpp, line 615]
Event: 167.525 Thread 0x000001a455d69800 Exception <a 'sun/nio/fs/WindowsException'{0x000000008b8ff480}> (0x000000008b8ff480) thrown at [./src/hotspot/share/prims/jni.cpp, line 615]
Event: 167.525 Thread 0x000001a455d69800 Exception <a 'sun/nio/fs/WindowsException'{0x000000008b8ff628}> (0x000000008b8ff628) thrown at [./src/hotspot/share/prims/jni.cpp, line 615]
Event: 168.121 Thread 0x000001a455d69800 Exception <a 'sun/nio/fs/WindowsException'{0x000000008b3c2dd8}> (0x000000008b3c2dd8) thrown at [./src/hotspot/share/prims/jni.cpp, line 615]
Event: 168.202 Thread 0x000001a455d69800 Exception <a 'sun/nio/fs/WindowsException'{0x000000008b3eaf10}> (0x000000008b3eaf10) thrown at [./src/hotspot/share/prims/jni.cpp, line 615]
Event: 168.398 Thread 0x000001a455d69800 Exception <a 'java/lang/NoSuchMethodError'{0x000000008b1351d0}: 'int java.lang.invoke.DirectMethodHandle$Holder.invokeVirtual(java.lang.Object, java.lang.Object, java.lang.Object, java.lang.Object)'> (0x000000008b1351d0) thrown at [./src/hotspot/share/interpreter/linkResolver.cpp, line 773]
Event: 168.648 Thread 0x000001a455d69800 Exception <a 'sun/nio/fs/WindowsException'{0x000000008ae29118}> (0x000000008ae29118) thrown at [./src/hotspot/share/prims/jni.cpp, line 615]
Event: 168.655 Thread 0x000001a455d69800 Exception <a 'sun/nio/fs/WindowsException'{0x000000008ae301a8}> (0x000000008ae301a8) thrown at [./src/hotspot/share/prims/jni.cpp, line 615]
Event: 168.679 Thread 0x000001a455d69800 Exception <a 'sun/nio/fs/WindowsException'{0x000000008ae50280}> (0x000000008ae50280) thrown at [./src/hotspot/share/prims/jni.cpp, line 615]
Event: 168.694 Thread 0x000001a455d69800 Implicit null exception at 0x000001a446ee021b to 0x000001a446ee0b7c
Event: 169.088 Thread 0x000001a457ec7800 Exception <a 'java/lang/NoSuchMethodError'{0x000000008a864be8}: <clinit>> (0x000000008a864be8) thrown at [./src/hotspot/share/prims/jni.cpp, line 1362]

Events (20 events):
Event: 168.886 loading class org/gradle/work/FileChange done
Event: 168.886 loading class org/gradle/work/FileChange
Event: 168.886 loading class org/gradle/work/FileChange done
Event: 168.888 loading class org/gradle/work/FileChange
Event: 168.888 loading class org/gradle/work/FileChange done
Event: 168.893 loading class com/google/common/collect/Multimap
Event: 168.893 loading class com/google/common/collect/Multimap done
Event: 168.893 loading class com/google/common/collect/Multimap
Event: 168.893 loading class com/google/common/collect/Multimap done
Event: 168.898 loading class com/google/common/collect/AbstractMapBasedMultimap$AsMap$AsMapEntries
Event: 168.898 loading class com/google/common/collect/AbstractMapBasedMultimap$AsMap$AsMapEntries done
Event: 168.899 loading class com/google/common/collect/AbstractMapBasedMultimap$AsMap$AsMapIterator
Event: 168.899 loading class com/google/common/collect/AbstractMapBasedMultimap$AsMap$AsMapIterator done
Event: 169.083 loading class org/gradle/tooling/events/task/internal/java/DefaultJavaCompileTaskSuccessResult
Event: 169.083 loading class org/gradle/tooling/events/task/internal/java/DefaultJavaCompileTaskSuccessResult done
Event: 169.083 Executing VM operation: RevokeBias
Event: 169.083 Executing VM operation: RevokeBias done
Event: 169.092 loading class org/gradle/tooling/events/task/java/JavaCompileTaskOperationResult
Event: 169.092 loading class org/gradle/tooling/events/task/java/JavaCompileTaskOperationResult done
Event: 169.282 Executing VM operation: G1CollectForAllocation


Dynamic libraries:
0x00007ff61e850000 - 0x00007ff61e85a000 	C:\Program Files\Android\Android Studio\jre\bin\java.exe
0x00007fff6d510000 - 0x00007fff6d705000 	C:\WINDOWS\SYSTEM32\ntdll.dll
0x00007fff6d1f0000 - 0x00007fff6d2ae000 	C:\WINDOWS\System32\KERNEL32.DLL
0x00007fff6b050000 - 0x00007fff6b318000 	C:\WINDOWS\System32\KERNELBASE.dll
0x00007fff6b320000 - 0x00007fff6b420000 	C:\WINDOWS\System32\ucrtbase.dll
0x00007fff63f00000 - 0x00007fff63f17000 	C:\Program Files\Android\Android Studio\jre\bin\VCRUNTIME140.dll
0x00007fff59880000 - 0x00007fff59899000 	C:\Program Files\Android\Android Studio\jre\bin\jli.dll
0x00007fff6c4a0000 - 0x00007fff6c641000 	C:\WINDOWS\System32\USER32.dll
0x00007fff6b470000 - 0x00007fff6b492000 	C:\WINDOWS\System32\win32u.dll
0x00007fff69ff0000 - 0x00007fff6a28a000 	C:\WINDOWS\WinSxS\amd64_microsoft.windows.common-controls_6595b64144ccf1df_6.0.19041.1110_none_60b5254171f9507e\COMCTL32.dll
0x00007fff6b700000 - 0x00007fff6b72b000 	C:\WINDOWS\System32\GDI32.dll
0x00007fff6d2c0000 - 0x00007fff6d35e000 	C:\WINDOWS\System32\msvcrt.dll
0x00007fff6ace0000 - 0x00007fff6aded000 	C:\WINDOWS\System32\gdi32full.dll
0x00007fff6afb0000 - 0x00007fff6b04d000 	C:\WINDOWS\System32\msvcp_win.dll
0x00007fff6cb20000 - 0x00007fff6cb50000 	C:\WINDOWS\System32\IMM32.DLL
0x00007fff56ff0000 - 0x00007fff5708d000 	C:\Program Files\Android\Android Studio\jre\bin\msvcp140.dll
0x00007fff34120000 - 0x00007fff34bef000 	C:\Program Files\Android\Android Studio\jre\bin\server\jvm.dll
0x00007fff6c750000 - 0x00007fff6c7fe000 	C:\WINDOWS\System32\ADVAPI32.dll
0x00007fff6c650000 - 0x00007fff6c6ec000 	C:\WINDOWS\System32\sechost.dll
0x00007fff6c9f0000 - 0x00007fff6cb15000 	C:\WINDOWS\System32\RPCRT4.dll
0x00007fff6d430000 - 0x00007fff6d438000 	C:\WINDOWS\System32\PSAPI.DLL
0x00007fff5a190000 - 0x00007fff5a1b7000 	C:\WINDOWS\SYSTEM32\WINMM.dll
0x00007fff5a140000 - 0x00007fff5a149000 	C:\WINDOWS\SYSTEM32\WSOCK32.dll
0x00007fff6cbb0000 - 0x00007fff6cc1b000 	C:\WINDOWS\System32\WS2_32.dll
0x00007fff5ec40000 - 0x00007fff5ec4a000 	C:\WINDOWS\SYSTEM32\VERSION.dll
0x00007fff67e30000 - 0x00007fff67e42000 	C:\WINDOWS\SYSTEM32\kernel.appcore.dll
0x00007fff47920000 - 0x00007fff47931000 	C:\Program Files\Android\Android Studio\jre\bin\verify.dll
0x00007fff6a640000 - 0x00007fff6a824000 	C:\WINDOWS\SYSTEM32\DBGHELP.DLL
0x00007fff6a3f0000 - 0x00007fff6a41c000 	C:\WINDOWS\SYSTEM32\dbgcore.DLL
0x00007fff6ac50000 - 0x00007fff6acd2000 	C:\WINDOWS\System32\bcryptPrimitives.dll
0x00007fff478f0000 - 0x00007fff47919000 	C:\Program Files\Android\Android Studio\jre\bin\java.dll
0x00007fff53420000 - 0x00007fff5342b000 	C:\Program Files\Android\Android Studio\jre\bin\jimage.dll
0x00007fff583c0000 - 0x00007fff583d8000 	C:\Program Files\Android\Android Studio\jre\bin\zip.dll
0x00007fff6b730000 - 0x00007fff6be74000 	C:\WINDOWS\System32\SHELL32.dll
0x00007fff68030000 - 0x00007fff687c5000 	C:\WINDOWS\SYSTEM32\windows.storage.dll
0x00007fff6bee0000 - 0x00007fff6c235000 	C:\WINDOWS\System32\combase.dll
0x00007fff69f80000 - 0x00007fff69fae000 	C:\WINDOWS\SYSTEM32\Wldp.dll
0x00007fff6c240000 - 0x00007fff6c2ed000 	C:\WINDOWS\System32\SHCORE.dll
0x00007fff6be80000 - 0x00007fff6bed5000 	C:\WINDOWS\System32\shlwapi.dll
0x00007fff6ab60000 - 0x00007fff6ab7f000 	C:\WINDOWS\SYSTEM32\profapi.dll
0x00007fff583a0000 - 0x00007fff583ba000 	C:\Program Files\Android\Android Studio\jre\bin\net.dll
0x00007fff64e40000 - 0x00007fff64f4c000 	C:\WINDOWS\SYSTEM32\WINHTTP.dll
0x00007fff69ce0000 - 0x00007fff69d4a000 	C:\WINDOWS\system32\mswsock.dll
0x00007fff58380000 - 0x00007fff58394000 	C:\Program Files\Android\Android Studio\jre\bin\nio.dll
0x00007fff59a70000 - 0x00007fff59a97000 	E:\Android\gradle\native\8bec1ad78214c89d9ad589b4d07fe93259594b29d510b10fafb7a158f7737e5d\windows-amd64\native-platform.dll
0x00007fff57560000 - 0x00007fff5769d000 	E:\Android\gradle\native\53dbd7edfb1c66fb8903c78663c9afc45aea4f116125fa6feffd364cf09443e8\windows-amd64\native-platform-file-events.dll
0x00007fff58370000 - 0x00007fff5837a000 	C:\Program Files\Android\Android Studio\jre\bin\management.dll
0x00007fff4af40000 - 0x00007fff4af4c000 	C:\Program Files\Android\Android Studio\jre\bin\management_ext.dll
0x00007fff6a9a0000 - 0x00007fff6a9b8000 	C:\WINDOWS\SYSTEM32\CRYPTSP.dll
0x00007fff69680000 - 0x00007fff696b4000 	C:\WINDOWS\system32\rsaenh.dll
0x00007fff6ac20000 - 0x00007fff6ac47000 	C:\WINDOWS\System32\bcrypt.dll
0x00007fff6ab20000 - 0x00007fff6ab4e000 	C:\WINDOWS\SYSTEM32\USERENV.dll
0x00007fff69f70000 - 0x00007fff69f7c000 	C:\WINDOWS\SYSTEM32\CRYPTBASE.dll
0x00007fff699d0000 - 0x00007fff69a0b000 	C:\WINDOWS\SYSTEM32\IPHLPAPI.DLL
0x00007fff6d2b0000 - 0x00007fff6d2b8000 	C:\WINDOWS\System32\NSI.dll
0x00007fff63d40000 - 0x00007fff63d57000 	C:\WINDOWS\SYSTEM32\dhcpcsvc6.DLL
0x00007fff64440000 - 0x00007fff6445d000 	C:\WINDOWS\SYSTEM32\dhcpcsvc.DLL
0x00007fff69a10000 - 0x00007fff69adb000 	C:\WINDOWS\SYSTEM32\DNSAPI.dll

dbghelp: loaded successfully - version: 4.0.5 - missing functions: none
symbol engine: initialized successfully - sym options: 0x614 - pdb path: .;C:\Program Files\Android\Android Studio\jre\bin;C:\WINDOWS\SYSTEM32;C:\WINDOWS\WinSxS\amd64_microsoft.windows.common-controls_6595b64144ccf1df_6.0.19041.1110_none_60b5254171f9507e;C:\Program Files\Android\Android Studio\jre\bin\server;E:\Android\gradle\native\8bec1ad78214c89d9ad589b4d07fe93259594b29d510b10fafb7a158f7737e5d\windows-amd64;E:\Android\gradle\native\53dbd7edfb1c66fb8903c78663c9afc45aea4f116125fa6feffd364cf09443e8\windows-amd64

VM Arguments:
jvm_args: --add-opens=java.base/java.util=ALL-UNNAMED --add-opens=java.base/java.lang=ALL-UNNAMED --add-opens=java.base/java.lang.invoke=ALL-UNNAMED --add-opens=java.base/java.util=ALL-UNNAMED --add-opens=java.prefs/java.util.prefs=ALL-UNNAMED --add-opens=java.prefs/java.util.prefs=ALL-UNNAMED --add-opens=java.base/java.nio.charset=ALL-UNNAMED --add-opens=java.base/java.net=ALL-UNNAMED --add-opens=java.base/java.util.concurrent.atomic=ALL-UNNAMED -Xmx2048m -Dfile.encoding=windows-1252 -Duser.country=US -Duser.language=en -Duser.variant 
java_command: org.gradle.launcher.daemon.bootstrap.GradleDaemon 7.0.2
java_class_path (initial): E:\Android\gradle\wrapper\dists\gradle-7.0.2-bin\857tjihv64xamwrf0h14cai3r\gradle-7.0.2\lib\gradle-launcher-7.0.2.jar
Launcher Type: SUN_STANDARD

[Global flags]
     intx CICompilerCount                          = 3                                         {product} {ergonomic}
     uint ConcGCThreads                            = 1                                         {product} {ergonomic}
     uint G1ConcRefinementThreads                  = 4                                         {product} {ergonomic}
   size_t G1HeapRegionSize                         = 1048576                                   {product} {ergonomic}
    uintx GCDrainStackTargetSize                   = 64                                        {product} {ergonomic}
   size_t InitialHeapSize                          = 201326592                                 {product} {ergonomic}
   size_t MarkStackSize                            = 4194304                                   {product} {ergonomic}
   size_t MaxHeapSize                              = 2147483648                                {product} {command line}
   size_t MaxNewSize                               = 1287651328                                {product} {ergonomic}
   size_t MinHeapDeltaBytes                        = 1048576                                   {product} {ergonomic}
    uintx NonNMethodCodeHeapSize                   = 5830732                                {pd product} {ergonomic}
    uintx NonProfiledCodeHeapSize                  = 122913754                              {pd product} {ergonomic}
    uintx ProfiledCodeHeapSize                     = 122913754                              {pd product} {ergonomic}
    uintx ReservedCodeCacheSize                    = 251658240                              {pd product} {ergonomic}
     bool SegmentedCodeCache                       = true                                      {product} {ergonomic}
     bool UseCompressedClassPointers               = true                                 {lp64_product} {ergonomic}
     bool UseCompressedOops                        = true                                 {lp64_product} {ergonomic}
     bool UseG1GC                                  = true                                      {product} {ergonomic}
     bool UseLargePagesIndividualAllocation        = false                                  {pd product} {ergonomic}

Logging:
Log output configuration:
 #0: stdout all=warning uptime,level,tags
 #1: stderr all=off uptime,level,tags

Environment Variables:
PATH=C:\Program Files (x86)\Common Files\Intel\Shared Libraries\redist\ia32\mpirt;C:\Program Files (x86)\Common Files\Intel\Shared Libraries\redist\ia32\compiler;C:\ProgramData\Oracle\Java\javapath;C:\WINDOWS\system32;C:\WINDOWS;C:\WINDOWS\System32\Wbem;C:\WINDOWS\System32\WindowsPowerShell\v1.0\;C:\Program Files (x86)\Skype\Phone\;C:\WINDOWS\System32\OpenSSH\;%PYTHON3_SCRIPTS%;C:\Users\jj\AppData\Local\Programs\Python\Python38-32\Scripts\;C:\Users\jj\AppData\Local\Programs\Python\Python38-32\;C:\Users\jj\Downloads\PhoenixSuit_V1.10\PhoenixSuit_V1.10\;C:\Users\jj\AppData\Local\Microsoft\WindowsApps;C:\adb;C:\Program Files\Git\cmd;C:\WINDOWS\system32;C:\WINDOWS;C:\WINDOWS\System32\Wbem;C:\WINDOWS\System32\WindowsPowerShell\v1.0\;C:\WINDOWS\System32\OpenSSH\;C:\Program Files\Microsoft SQL Server\120\Tools\Binn\;C:\Program Files (x86)\Applied Biosystems\QuantStudio Design & Analysis Software\bin;C:\Users\jj\AppData\Local\Programs\Python\Python38-32\Scripts\;C:\Users\jj\AppData\Local\Programs\Python\Python38-32\;C:\Users\jj\Downloads\PhoenixSuit_V1.10\PhoenixSuit_V1.10\;C:\Users\jj\AppData\Local\Microsoft\WindowsApps;
USERNAME=jj
OS=Windows_NT
PROCESSOR_IDENTIFIER=Intel64 Family 6 Model 42 Stepping 7, GenuineIntel



---------------  S Y S T E M  ---------------

OS: Windows 10 , 64 bit Build 19041 (10.0.19041.1466)
OS uptime: 0 days 1:43 hours

CPU:total 4 (initial active 4) (2 cores per cpu, 2 threads per core) family 6 model 42 stepping 7 microcode 0x2f, cmov, cx8, fxsr, mmx, sse, sse2, sse3, ssse3, sse4.1, sse4.2, popcnt, avx, clmul, ht, tsc, tscinvbit

Memory: 4k page, system-wide physical 12202M (5513M free)
TotalPageFile size 14058M (AvailPageFile size 6213M)
current process WorkingSet (physical memory assigned to process): 487M, peak: 488M
current process commit charge ("private bytes"): 512M, peak: 514M

vm_info: OpenJDK 64-Bit Server VM (11.0.10+0-b96-7249189) for windows-amd64 JRE (11.0.10+0-b96-7249189), built on Mar 31 2021 21:44:00 by "builder" with MS VC++ 14.0 (VS2015)

END.
