#
# A fatal error has been detected by the Java Runtime Environment:
#
#  EXCEPTION_ACCESS_VIOLATION (0xc0000005) at pc=0x00007ffca96fc7f3, pid=9592, tid=11172
#
# JRE version: OpenJDK Runtime Environment (11.0.10) (build 11.0.10+0-b96-7249189)
# Java VM: OpenJDK 64-Bit Server VM (11.0.10+0-b96-7249189, mixed mode, tiered, compressed oops, g1 gc, windows-amd64)
# Problematic frame:
# V  [jvm.dll+0x5cc7f3]
#
# No core dump will be written. Minidumps are not enabled by default on client versions of Windows
#
# If you would like to submit a bug report, please visit:
#   https://bugreport.java.com/bugreport/crash.jsp
#

---------------  S U M M A R Y ------------

Command Line: --add-opens=java.base/java.util=ALL-UNNAMED --add-opens=java.base/java.lang=ALL-UNNAMED --add-opens=java.base/java.lang.invoke=ALL-UNNAMED --add-opens=java.base/java.util=ALL-UNNAMED --add-opens=java.prefs/java.util.prefs=ALL-UNNAMED --add-opens=java.prefs/java.util.prefs=ALL-UNNAMED --add-opens=java.base/java.nio.charset=ALL-UNNAMED --add-opens=java.base/java.net=ALL-UNNAMED --add-opens=java.base/java.util.concurrent.atomic=ALL-UNNAMED -Xmx2048m -Dfile.encoding=windows-1252 -Duser.country=US -Duser.language=en -Duser.variant org.gradle.launcher.daemon.bootstrap.GradleDaemon 7.0.2

Host: Intel(R) Core(TM) i3-2330M CPU @ 2.20GHz, 4 cores, 11G,  Windows 10 , 64 bit Build 19041 (10.0.19041.1202)
Time: Sat Oct  9 12:33:17 2021 Sri Lanka Standard Time elapsed time: 54.377672 seconds (0d 0h 0m 54s)

---------------  T H R E A D  ---------------

Current thread (0x0000025ef77a8800):  JavaThread "C2 CompilerThread0" daemon [_thread_in_native, id=11172, stack(0x000000f524c00000,0x000000f524d00000)]


Current CompileTask:
C2:  54377 12134   !   4       java.io.ObjectStreamClass::lookup (334 bytes)

Stack: [0x000000f524c00000,0x000000f524d00000],  sp=0x000000f524cfb870,  free space=1006k
Native frames: (J=compiled Java code, j=interpreted, Vv=VM code, C=native code)
V  [jvm.dll+0x5cc7f3]
V  [jvm.dll+0x194e2a]
V  [jvm.dll+0x6190c9]
V  [jvm.dll+0x1935db]
V  [jvm.dll+0x61a905]
V  [jvm.dll+0x61972d]
V  [jvm.dll+0x1fc54f]
V  [jvm.dll+0x1fa77f]
V  [jvm.dll+0x18354c]
V  [jvm.dll+0x208ee7]
V  [jvm.dll+0x207731]
V  [jvm.dll+0x6eb1cf]
V  [jvm.dll+0x6e3d45]
V  [jvm.dll+0x5ebe96]
C  [ucrtbase.dll+0x21bb2]
C  [KERNEL32.DLL+0x17034]
C  [ntdll.dll+0x52651]


siginfo: EXCEPTION_ACCESS_VIOLATION (0xc0000005), reading address 0x0000025eff7ca000


Register to memory mapping:

RIP=0x00007ffca96fc7f3 jvm.dll
RAX=0x0000025eff7ca000 is an unknown value
RBX=0x000000003f7df620 is an unknown value
RCX=0x0000000008000006 is an unknown value
RDX=0x0000000007fdcc45 is an unknown value
RSP=0x000000f524cfb870 is pointing into the stack for thread: 0x0000025ef77a8800
RBP=0x0000000000000003 is an unknown value
RSI=0x0000025efb50d518 points into unknown readable memory: 0x00007ffca9913ea0 | a0 3e 91 a9 fc 7f 00 00
RDI=0x0 is NULL
R8 =0x0000000000000001 is an unknown value
R9 =0x0000025efb50d4a8 points into unknown readable memory: 0x00007ffca9913de0 | e0 3d 91 a9 fc 7f 00 00
R10=0x0 is NULL
R11=0x0000025efb50d4a8 points into unknown readable memory: 0x00007ffca9913de0 | e0 3d 91 a9 fc 7f 00 00
R12=0x0 is NULL
R13=0x000000f524cfc620 is pointing into the stack for thread: 0x0000025ef77a8800
R14=0x0000000000000002 is an unknown value
R15=0x0 is NULL


Registers:
RAX=0x0000025eff7ca000, RBX=0x000000003f7df620, RCX=0x0000000008000006, RDX=0x0000000007fdcc45
RSP=0x000000f524cfb870, RBP=0x0000000000000003, RSI=0x0000025efb50d518, RDI=0x0000000000000000
R8 =0x0000000000000001, R9 =0x0000025efb50d4a8, R10=0x0000000000000000, R11=0x0000025efb50d4a8
R12=0x0000000000000000, R13=0x000000f524cfc620, R14=0x0000000000000002, R15=0x0000000000000000
RIP=0x00007ffca96fc7f3, EFLAGS=0x0000000000010202

Top of Stack: (sp=0x000000f524cfb870)
0x000000f524cfb870:   0000025efb50cf50 00007ffca96fd3e4
0x000000f524cfb880:   0000025efb50cf50 0000025efb50cf50
0x000000f524cfb890:   0000000000000000 00007ffca92c4e2a
0x000000f524cfb8a0:   0000025efb50d518 0000000000000001
0x000000f524cfb8b0:   0000025ef9c55fd0 00007ffca96fba30
0x000000f524cfb8c0:   000000f524cfcfa8 00007ffca97490c9
0x000000f524cfb8d0:   0000025efb50d518 00007ffca96fd3e4
0x000000f524cfb8e0:   0000025ef9c55f10 000000f524cfc620
0x000000f524cfb8f0:   0000025efb50d4a8 00007ffca92c35db
0x000000f524cfb900:   0000025efb50d518 000000f524cfc620
0x000000f524cfb910:   0000025efb50cee0 0000000000000000
0x000000f524cfb920:   0000025efb50d1e0 000000f524cfc620
0x000000f524cfb930:   000000f524cfc620 00007ffca948496c
0x000000f524cfb940:   00000001fb50d101 00007ffc00000002
0x000000f524cfb950:   0000000000000001 00007ffca9486948
0x000000f524cfb960:   0000025efb50d170 00007ffca9749247 

Instructions: (pc=0x00007ffca96fc7f3)
0x00007ffca96fc6f3:   00 3d 48 01 00 00 74 05 80 f9 c8 75 12 b0 01 48
0x00007ffca96fc703:   8b 5c 24 30 48 8b 74 24 38 48 83 c4 20 5f c3 32
0x00007ffca96fc713:   c0 48 8b 5c 24 30 48 8b 74 24 38 48 83 c4 20 5f
0x00007ffca96fc723:   c3 48 8b 03 48 8b cb ff 10 3b c6 0f 85 29 ff ff
0x00007ffca96fc733:   ff 48 8b 43 08 48 39 78 10 0f 85 1b ff ff ff b9
0x00007ffca96fc743:   01 00 00 00 0f b6 c1 48 8b 5c 24 30 48 8b 74 24
0x00007ffca96fc753:   38 48 83 c4 20 5f c3 48 8b 03 48 8b cb ff 10 48
0x00007ffca96fc763:   8b 5c 24 30 3d ba 00 00 00 48 8b 74 24 38 0f 94
0x00007ffca96fc773:   c0 48 83 c4 20 5f c3 cc cc cc cc cc cc 48 89 5c
0x00007ffca96fc783:   24 08 57 48 83 ec 20 48 8b f9 33 db 8b 49 18 85
0x00007ffca96fc793:   c9 74 18 48 8b 47 08 8b d1 0f 1f 40 00 03 db 2b
0x00007ffca96fc7a3:   18 48 8d 40 08 48 83 ea 01 75 f2 48 8b 07 48 8b
0x00007ffca96fc7b3:   cf ff 10 c1 eb 02 03 c3 48 8b 5c 24 30 03 47 18
0x00007ffca96fc7c3:   48 83 c4 20 5f c3 cc cc cc cc cc cc cc 48 89 5c
0x00007ffca96fc7d3:   24 08 48 89 74 24 10 57 48 83 ec 20 48 8b f1 33
0x00007ffca96fc7e3:   db 8b 49 18 85 c9 74 14 48 8b 46 08 8b d1 03 db
0x00007ffca96fc7f3:   2b 18 48 8d 40 08 48 83 ea 01 75 f2 48 8b 06 48
0x00007ffca96fc803:   8b ce ff 10 48 8b 4e 38 c1 eb 02 48 8b 11 8d 3c
0x00007ffca96fc813:   03 03 7e 18 ff 52 50 48 8b 5c 24 30 03 c7 48 8b
0x00007ffca96fc823:   74 24 38 48 83 c4 20 5f c3 cc cc cc cc 48 83 ec
0x00007ffca96fc833:   28 ba c5 08 00 00 48 8d 0d 80 6c 29 00 e8 4b 5f
0x00007ffca96fc843:   c7 ff e8 d6 8f 01 00 48 8d 05 bf e4 43 00 48 83
0x00007ffca96fc853:   c4 28 c3 cc cc cc cc cc cc cc cc cc cc 48 89 5c
0x00007ffca96fc863:   24 08 48 89 74 24 10 57 48 83 ec 20 8b f2 49 8b
0x00007ffca96fc873:   f8 8b 51 1c 48 8b d9 39 51 18 73 0f 48 8b 41 08
0x00007ffca96fc883:   44 8d 4a ff 4a 83 3c c8 00 74 07 ff c2 e8 0b fa
0x00007ffca96fc893:   ff ff 8b 4b 18 48 8b 53 08 4c 8b 0c ca 4d 85 c9
0x00007ffca96fc8a3:   74 1d 44 8b 43 1c 41 3b c8 73 10 66 90 48 83 3c
0x00007ffca96fc8b3:   ca 00 74 07 ff c1 41 3b c8 72 f2 4c 89 0c ca 8b
0x00007ffca96fc8c3:   4b 18 48 8b 43 08 48 c7 04 c8 00 00 00 00 ff 43
0x00007ffca96fc8d3:   18 8b 43 18 2b c6 83 e8 01 74 46 48 8b 53 08 4c
0x00007ffca96fc8e3:   8d 04 c5 07 00 00 00 49 c1 e8 03 44 8d 56 01 49 


Stack slot to memory mapping:
stack at sp + 0 slots: 0x0000025efb50cf50 points into unknown readable memory: 0x00007ffca9914288 | 88 42 91 a9 fc 7f 00 00
stack at sp + 1 slots: 0x00007ffca96fd3e4 jvm.dll
stack at sp + 2 slots: 0x0000025efb50cf50 points into unknown readable memory: 0x00007ffca9914288 | 88 42 91 a9 fc 7f 00 00
stack at sp + 3 slots: 0x0000025efb50cf50 points into unknown readable memory: 0x00007ffca9914288 | 88 42 91 a9 fc 7f 00 00
stack at sp + 4 slots: 0x0 is NULL
stack at sp + 5 slots: 0x00007ffca92c4e2a jvm.dll
stack at sp + 6 slots: 0x0000025efb50d518 points into unknown readable memory: 0x00007ffca9913ea0 | a0 3e 91 a9 fc 7f 00 00
stack at sp + 7 slots: 0x0000000000000001 is an unknown value


---------------  P R O C E S S  ---------------

Threads class SMR info:
_java_thread_list=0x0000025efda63410, length=55, elements={
0x0000025edd32f000, 0x0000025ef6f47000, 0x0000025ef6f49000, 0x0000025ef779f800,
0x0000025ef77a0000, 0x0000025ef77a1800, 0x0000025ef77a8800, 0x0000025ef77aa000,
0x0000025ef77af000, 0x0000025ef790c000, 0x0000025ef8b7c000, 0x0000025ef7b27800,
0x0000025efa00c800, 0x0000025ef8754000, 0x0000025efa793800, 0x0000025ef8497800,
0x0000025ef8e4a800, 0x0000025ef8c72000, 0x0000025ef8c73800, 0x0000025efa8eb000,
0x0000025efa8ec800, 0x0000025efa8e9800, 0x0000025efa8ea000, 0x0000025efa8ec000,
0x0000025efa8e8800, 0x0000025efa8e7000, 0x0000025efa8ed800, 0x0000025efa8e7800,
0x0000025ef895b800, 0x0000025ef895c800, 0x0000025ef8958000, 0x0000025ef8959000,
0x0000025ef895d000, 0x0000025ef895e800, 0x0000025ef895f800, 0x0000025ef8963800,
0x0000025ef895a000, 0x0000025ef8963000, 0x0000025ef8964800, 0x0000025ef8965000,
0x0000025ef8961000, 0x0000025ef8962000, 0x0000025efd12a800, 0x0000025efd126800,
0x0000025efd129000, 0x0000025efd127800, 0x0000025efd128000, 0x0000025efd12b800,
0x0000025efd125800, 0x0000025efd130000, 0x0000025efd12e800, 0x0000025efd132000,
0x0000025efd12c000, 0x0000025efd12d000, 0x0000025efd133800
}

Java Threads: ( => current thread )
  0x0000025edd32f000 JavaThread "main" [_thread_blocked, id=5996, stack(0x000000f524000000,0x000000f524100000)]
  0x0000025ef6f47000 JavaThread "Reference Handler" daemon [_thread_blocked, id=11192, stack(0x000000f524700000,0x000000f524800000)]
  0x0000025ef6f49000 JavaThread "Finalizer" daemon [_thread_blocked, id=11188, stack(0x000000f524800000,0x000000f524900000)]
  0x0000025ef779f800 JavaThread "Signal Dispatcher" daemon [_thread_blocked, id=11220, stack(0x000000f524900000,0x000000f524a00000)]
  0x0000025ef77a0000 JavaThread "Attach Listener" daemon [_thread_blocked, id=11160, stack(0x000000f524a00000,0x000000f524b00000)]
  0x0000025ef77a1800 JavaThread "Service Thread" daemon [_thread_blocked, id=11164, stack(0x000000f524b00000,0x000000f524c00000)]
=>0x0000025ef77a8800 JavaThread "C2 CompilerThread0" daemon [_thread_in_native, id=11172, stack(0x000000f524c00000,0x000000f524d00000)]
  0x0000025ef77aa000 JavaThread "C1 CompilerThread0" daemon [_thread_blocked, id=2584, stack(0x000000f524d00000,0x000000f524e00000)]
  0x0000025ef77af000 JavaThread "Sweeper thread" daemon [_thread_blocked, id=11940, stack(0x000000f524e00000,0x000000f524f00000)]
  0x0000025ef790c000 JavaThread "Common-Cleaner" daemon [_thread_blocked, id=12016, stack(0x000000f524f00000,0x000000f525000000)]
  0x0000025ef8b7c000 JavaThread "Daemon health stats" [_thread_blocked, id=12052, stack(0x000000f525500000,0x000000f525600000)]
  0x0000025ef7b27800 JavaThread "Incoming local TCP Connector on port 54606" [_thread_in_native, id=2724, stack(0x000000f525100000,0x000000f525200000)]
  0x0000025efa00c800 JavaThread "Daemon periodic checks" [_thread_blocked, id=12032, stack(0x000000f525600000,0x000000f525700000)]
  0x0000025ef8754000 JavaThread "Daemon" [_thread_blocked, id=12040, stack(0x000000f525700000,0x000000f525800000)]
  0x0000025efa793800 JavaThread "Handler for socket connection from /127.0.0.1:54606 to /127.0.0.1:54607" [_thread_in_native, id=12048, stack(0x000000f525800000,0x000000f525900000)]
  0x0000025ef8497800 JavaThread "Cancel handler" [_thread_blocked, id=12028, stack(0x000000f525900000,0x000000f525a00000)]
  0x0000025ef8e4a800 JavaThread "Daemon worker" [_thread_blocked, id=188, stack(0x000000f525a00000,0x000000f525b00000)]
  0x0000025ef8c72000 JavaThread "Asynchronous log dispatcher for DefaultDaemonConnection: socket connection from /127.0.0.1:54606 to /127.0.0.1:54607" [_thread_blocked, id=11928, stack(0x000000f525b00000,0x000000f525c00000)]
  0x0000025ef8c73800 JavaThread "Stdin handler" [_thread_blocked, id=12024, stack(0x000000f525c00000,0x000000f525d00000)]
  0x0000025efa8eb000 JavaThread "Daemon client event forwarder" [_thread_blocked, id=2600, stack(0x000000f525d00000,0x000000f525e00000)]
  0x0000025efa8ec800 JavaThread "Cache worker for file hash cache (E:\Android\gradle\caches\7.0.2\fileHashes)" [_thread_blocked, id=9612, stack(0x000000f525e00000,0x000000f525f00000)]
  0x0000025efa8e9800 JavaThread "File lock request listener" [_thread_in_native, id=9452, stack(0x000000f525f00000,0x000000f526000000)]
  0x0000025efa8ea000 JavaThread "Cache worker for journal cache (E:\Android\gradle\caches\journal-1)" [_thread_blocked, id=11168, stack(0x000000f526000000,0x000000f526100000)]
  0x0000025efa8ec000 JavaThread "Cache worker for file hash cache (E:\butterflies\SLButterflyDirectory\20200606ButterflyDirectory\.gradle\7.0.2\fileHashes)" [_thread_blocked, id=2092, stack(0x000000f526100000,0x000000f526200000)]
  0x0000025efa8e8800 JavaThread "File watcher server" daemon [_thread_in_native, id=5428, stack(0x000000f526200000,0x000000f526300000)]
  0x0000025efa8e7000 JavaThread "File watcher consumer" daemon [_thread_blocked, id=12116, stack(0x000000f526300000,0x000000f526400000)]
  0x0000025efa8ed800 JavaThread "Cache worker for checksums cache (E:\butterflies\SLButterflyDirectory\20200606ButterflyDirectory\.gradle\checksums)" [_thread_blocked, id=6864, stack(0x000000f526400000,0x000000f526500000)]
  0x0000025efa8e7800 JavaThread "Cache worker for cache directory md-supplier (E:\Android\gradle\caches\7.0.2\md-supplier)" [_thread_blocked, id=11216, stack(0x000000f526500000,0x000000f526600000)]
  0x0000025ef895b800 JavaThread "Cache worker for cache directory md-rule (E:\Android\gradle\caches\7.0.2\md-rule)" [_thread_blocked, id=9116, stack(0x000000f526700000,0x000000f526800000)]
  0x0000025ef895c800 JavaThread "Cache worker for execution history cache (E:\Android\gradle\caches\7.0.2\executionHistory)" [_thread_blocked, id=10376, stack(0x000000f526800000,0x000000f526900000)]
  0x0000025ef8958000 JavaThread "jar transforms" [_thread_blocked, id=11712, stack(0x000000f526900000,0x000000f526a00000)]
  0x0000025ef8959000 JavaThread "jar transforms Thread 2" [_thread_blocked, id=11208, stack(0x000000f526a00000,0x000000f526b00000)]
  0x0000025ef895d000 JavaThread "Cache worker for file content cache (E:\Android\gradle\caches\7.0.2\fileContent)" [_thread_blocked, id=6792, stack(0x000000f526b00000,0x000000f526c00000)]
  0x0000025ef895e800 JavaThread "Cache worker for dependencies-accessors (E:\butterflies\SLButterflyDirectory\20200606ButterflyDirectory\.gradle\7.0.2\dependencies-accessors)" [_thread_blocked, id=6364, stack(0x000000f526c00000,0x000000f526d00000)]
  0x0000025ef895f800 JavaThread "jar transforms Thread 3" [_thread_blocked, id=9492, stack(0x000000f526600000,0x000000f526700000)]
  0x0000025ef8963800 JavaThread "Cache worker for Build Output Cleanup Cache (E:\butterflies\SLButterflyDirectory\20200606ButterflyDirectory\.gradle\buildOutputCleanup)" [_thread_blocked, id=11532, stack(0x000000f526e00000,0x000000f526f00000)]
  0x0000025ef895a000 JavaThread "Build operations" [_thread_blocked, id=11504, stack(0x000000f526d00000,0x000000f526e00000)]
  0x0000025ef8963000 JavaThread "Build operations Thread 2" [_thread_blocked, id=8696, stack(0x000000f526f00000,0x000000f527000000)]
  0x0000025ef8964800 JavaThread "Build operations Thread 3" [_thread_blocked, id=9048, stack(0x000000f527000000,0x000000f527100000)]
  0x0000025ef8965000 JavaThread "Build operations Thread 4" [_thread_blocked, id=11916, stack(0x000000f527100000,0x000000f527200000)]
  0x0000025ef8961000 JavaThread "jar transforms Thread 4" [_thread_blocked, id=11980, stack(0x000000f527200000,0x000000f527300000)]
  0x0000025ef8962000 JavaThread "Memory manager" [_thread_blocked, id=11360, stack(0x000000f527400000,0x000000f527500000)]
  0x0000025efd12a800 JavaThread "build event listener" [_thread_blocked, id=2052, stack(0x000000f527500000,0x000000f527600000)]
  0x0000025efd126800 JavaThread "pool-3-thread-1" [_thread_blocked, id=7880, stack(0x000000f527600000,0x000000f527700000)]
  0x0000025efd129000 JavaThread "build event listener" [_thread_blocked, id=12108, stack(0x000000f527700000,0x000000f527800000)]
  0x0000025efd127800 JavaThread "Execution worker for ':'" [_thread_blocked, id=7568, stack(0x000000f527800000,0x000000f527900000)]
  0x0000025efd128000 JavaThread "Execution worker for ':' Thread 2" [_thread_blocked, id=5804, stack(0x000000f527900000,0x000000f527a00000)]
  0x0000025efd12b800 JavaThread "Execution worker for ':' Thread 3" [_thread_blocked, id=10188, stack(0x000000f527a00000,0x000000f527b00000)]
  0x0000025efd125800 JavaThread "Cache worker for execution history cache (E:\butterflies\SLButterflyDirectory\20200606ButterflyDirectory\.gradle\7.0.2\executionHistory)" [_thread_blocked, id=8936, stack(0x000000f527b00000,0x000000f527c00000)]
  0x0000025efd130000 JavaThread "WorkerExecutor Queue" [_thread_in_native, id=12264, stack(0x000000f527e00000,0x000000f527f00000)]
  0x0000025efd12e800 JavaThread "WorkerExecutor Queue Thread 2" [_thread_in_Java, id=12128, stack(0x000000f527f00000,0x000000f528000000)]
  0x0000025efd132000 JavaThread "WorkerExecutor Queue Thread 3" [_thread_in_native, id=6192, stack(0x000000f528000000,0x000000f528100000)]
  0x0000025efd12c000 JavaThread "WorkerExecutor Queue Thread 4" [_thread_in_native, id=11824, stack(0x000000f528100000,0x000000f528200000)]
  0x0000025efd12d000 JavaThread "Java2D Disposer" daemon [_thread_blocked, id=11692, stack(0x000000f528200000,0x000000f528300000)]
  0x0000025efd133800 JavaThread "C2 CompilerThread1" daemon [_thread_in_native, id=9620, stack(0x000000f527300000,0x000000f527400000)]

Other Threads:
  0x0000025ef6f30000 VMThread "VM Thread" [stack: 0x000000f524600000,0x000000f524700000] [id=10968]
  0x0000025ef791d800 WatcherThread [stack: 0x000000f525000000,0x000000f525100000] [id=1140]
  0x0000025edd348000 GCTaskThread "GC Thread#0" [stack: 0x000000f524100000,0x000000f524200000] [id=9036]
  0x0000025ef84d9000 GCTaskThread "GC Thread#1" [stack: 0x000000f525200000,0x000000f525300000] [id=11956]
  0x0000025ef85f6000 GCTaskThread "GC Thread#2" [stack: 0x000000f525300000,0x000000f525400000] [id=12020]
  0x0000025ef85b7800 GCTaskThread "GC Thread#3" [stack: 0x000000f525400000,0x000000f525500000] [id=1388]
  0x0000025edd377800 ConcurrentGCThread "G1 Main Marker" [stack: 0x000000f524200000,0x000000f524300000] [id=9120]
  0x0000025edd379000 ConcurrentGCThread "G1 Conc#0" [stack: 0x000000f524300000,0x000000f524400000] [id=9504]
  0x0000025ef6d80800 ConcurrentGCThread "G1 Refine#0" [stack: 0x000000f524400000,0x000000f524500000] [id=7180]
  0x0000025e81fe0000 ConcurrentGCThread "G1 Refine#1" [stack: 0x000000f528300000,0x000000f528400000] [id=1144]
  0x0000025ef6d81800 ConcurrentGCThread "G1 Young RemSet Sampling" [stack: 0x000000f524500000,0x000000f524600000] [id=10392]

Threads with active compile tasks:
C2 CompilerThread0  54522 12134   !   4       java.io.ObjectStreamClass::lookup (334 bytes)
C2 CompilerThread1  54522 12173   !   4       java.io.ObjectInputStream::readObject0 (671 bytes)

VM state:not at safepoint (normal execution)

VM Mutex/Monitor currently owned by a thread: None

Heap address: 0x0000000080000000, size: 2048 MB, Compressed Oops mode: 32-bit
Narrow klass base: 0x0000000000000000, Narrow klass shift: 3
Compressed class space size: 1073741824 Address: 0x0000000100000000

Heap:
 garbage-first heap   total 236544K, used 115212K [0x0000000080000000, 0x0000000100000000)
  region size 1024K, 11 young (11264K), 4 survivors (4096K)
 Metaspace       used 92022K, capacity 94296K, committed 94456K, reserved 1132544K
  class space    used 11389K, capacity 12229K, committed 12312K, reserved 1048576K
Heap Regions: E=young(eden), S=young(survivor), O=old, HS=humongous(starts), HC=humongous(continues), CS=collection set, F=free, A=archive, TAMS=top-at-mark-start (previous, next)
|   0|0x0000000080000000, 0x0000000080100000, 0x0000000080100000|100%| O|  |TAMS 0x0000000080100000, 0x0000000080000000| Updating 
|   1|0x0000000080100000, 0x0000000080200000, 0x0000000080200000|100%| O|  |TAMS 0x0000000080200000, 0x0000000080100000| Updating 
|   2|0x0000000080200000, 0x0000000080300000, 0x0000000080300000|100%| O|  |TAMS 0x0000000080300000, 0x0000000080200000| Updating 
|   3|0x0000000080300000, 0x0000000080400000, 0x0000000080400000|100%|HS|  |TAMS 0x0000000080400000, 0x0000000080300000| Complete 
|   4|0x0000000080400000, 0x0000000080500000, 0x0000000080500000|100%|HC|  |TAMS 0x0000000080500000, 0x0000000080400000| Complete 
|   5|0x0000000080500000, 0x0000000080600000, 0x0000000080600000|100%|HC|  |TAMS 0x0000000080600000, 0x0000000080500000| Complete 
|   6|0x0000000080600000, 0x0000000080700000, 0x0000000080700000|100%| O|  |TAMS 0x0000000080700000, 0x0000000080600000| Updating 
|   7|0x0000000080700000, 0x0000000080800000, 0x0000000080800000|100%| O|  |TAMS 0x0000000080800000, 0x0000000080700000| Updating 
|   8|0x0000000080800000, 0x0000000080900000, 0x0000000080900000|100%| O|  |TAMS 0x0000000080900000, 0x0000000080800000| Updating 
|   9|0x0000000080900000, 0x0000000080a00000, 0x0000000080a00000|100%| O|  |TAMS 0x0000000080a00000, 0x0000000080900000| Updating 
|  10|0x0000000080a00000, 0x0000000080b00000, 0x0000000080b00000|100%| O|  |TAMS 0x0000000080b00000, 0x0000000080a00000| Updating 
|  11|0x0000000080b00000, 0x0000000080c00000, 0x0000000080c00000|100%| O|  |TAMS 0x0000000080c00000, 0x0000000080b00000| Updating 
|  12|0x0000000080c00000, 0x0000000080d00000, 0x0000000080d00000|100%| O|  |TAMS 0x0000000080d00000, 0x0000000080c00000| Updating 
|  13|0x0000000080d00000, 0x0000000080e00000, 0x0000000080e00000|100%| O|  |TAMS 0x0000000080e00000, 0x0000000080d00000| Updating 
|  14|0x0000000080e00000, 0x0000000080f00000, 0x0000000080f00000|100%| O|  |TAMS 0x0000000080f00000, 0x0000000080e00000| Updating 
|  15|0x0000000080f00000, 0x0000000081000000, 0x0000000081000000|100%| O|  |TAMS 0x0000000081000000, 0x0000000080f00000| Updating 
|  16|0x0000000081000000, 0x0000000081100000, 0x0000000081100000|100%|HS|  |TAMS 0x0000000081100000, 0x0000000081000000| Complete 
|  17|0x0000000081100000, 0x0000000081200000, 0x0000000081200000|100%|HS|  |TAMS 0x0000000081200000, 0x0000000081100000| Complete 
|  18|0x0000000081200000, 0x0000000081300000, 0x0000000081300000|100%|HS|  |TAMS 0x0000000081300000, 0x0000000081200000| Complete 
|  19|0x0000000081300000, 0x0000000081400000, 0x0000000081400000|100%|HC|  |TAMS 0x0000000081400000, 0x0000000081300000| Complete 
|  20|0x0000000081400000, 0x0000000081500000, 0x0000000081500000|100%| O|  |TAMS 0x0000000081500000, 0x0000000081400000| Updating 
|  21|0x0000000081500000, 0x0000000081600000, 0x0000000081600000|100%| O|  |TAMS 0x0000000081600000, 0x0000000081500000| Updating 
|  22|0x0000000081600000, 0x0000000081700000, 0x0000000081700000|100%| O|  |TAMS 0x0000000081700000, 0x0000000081600000| Updating 
|  23|0x0000000081700000, 0x0000000081800000, 0x0000000081800000|100%| O|  |TAMS 0x0000000081800000, 0x0000000081700000| Updating 
|  24|0x0000000081800000, 0x0000000081900000, 0x0000000081900000|100%| O|  |TAMS 0x0000000081900000, 0x0000000081800000| Updating 
|  25|0x0000000081900000, 0x0000000081a00000, 0x0000000081a00000|100%| O|  |TAMS 0x0000000081a00000, 0x0000000081900000| Updating 
|  26|0x0000000081a00000, 0x0000000081b00000, 0x0000000081b00000|100%| O|  |TAMS 0x0000000081b00000, 0x0000000081a00000| Updating 
|  27|0x0000000081b00000, 0x0000000081c00000, 0x0000000081c00000|100%| O|  |TAMS 0x0000000081c00000, 0x0000000081b00000| Updating 
|  28|0x0000000081c00000, 0x0000000081d00000, 0x0000000081d00000|100%| O|  |TAMS 0x0000000081d00000, 0x0000000081c00000| Updating 
|  29|0x0000000081d00000, 0x0000000081e00000, 0x0000000081e00000|100%| O|  |TAMS 0x0000000081e00000, 0x0000000081d00000| Updating 
|  30|0x0000000081e00000, 0x0000000081f00000, 0x0000000081f00000|100%| O|  |TAMS 0x0000000081f00000, 0x0000000081e00000| Updating 
|  31|0x0000000081f00000, 0x0000000082000000, 0x0000000082000000|100%| O|  |TAMS 0x0000000082000000, 0x0000000081f00000| Updating 
|  32|0x0000000082000000, 0x0000000082100000, 0x0000000082100000|100%| O|  |TAMS 0x0000000082100000, 0x0000000082000000| Updating 
|  33|0x0000000082100000, 0x0000000082200000, 0x0000000082200000|100%| O|  |TAMS 0x0000000082200000, 0x0000000082100000| Updating 
|  34|0x0000000082200000, 0x0000000082300000, 0x0000000082300000|100%| O|  |TAMS 0x0000000082300000, 0x0000000082200000| Updating 
|  35|0x0000000082300000, 0x0000000082400000, 0x0000000082400000|100%| O|  |TAMS 0x0000000082400000, 0x0000000082300000| Updating 
|  36|0x0000000082400000, 0x0000000082500000, 0x0000000082500000|100%| O|  |TAMS 0x0000000082500000, 0x0000000082400000| Updating 
|  37|0x0000000082500000, 0x0000000082600000, 0x0000000082600000|100%| O|  |TAMS 0x0000000082600000, 0x0000000082500000| Updating 
|  38|0x0000000082600000, 0x0000000082700000, 0x0000000082700000|100%| O|  |TAMS 0x0000000082700000, 0x0000000082600000| Updating 
|  39|0x0000000082700000, 0x0000000082800000, 0x0000000082800000|100%| O|  |TAMS 0x0000000082800000, 0x0000000082700000| Updating 
|  40|0x0000000082800000, 0x0000000082900000, 0x0000000082900000|100%| O|  |TAMS 0x0000000082900000, 0x0000000082800000| Updating 
|  41|0x0000000082900000, 0x0000000082a00000, 0x0000000082a00000|100%| O|  |TAMS 0x0000000082a00000, 0x0000000082900000| Updating 
|  42|0x0000000082a00000, 0x0000000082b00000, 0x0000000082b00000|100%| O|  |TAMS 0x0000000082b00000, 0x0000000082a00000| Updating 
|  43|0x0000000082b00000, 0x0000000082c00000, 0x0000000082c00000|100%| O|  |TAMS 0x0000000082c00000, 0x0000000082b00000| Updating 
|  44|0x0000000082c00000, 0x0000000082d00000, 0x0000000082d00000|100%| O|  |TAMS 0x0000000082d00000, 0x0000000082c00000| Updating 
|  45|0x0000000082d00000, 0x0000000082e00000, 0x0000000082e00000|100%| O|  |TAMS 0x0000000082e00000, 0x0000000082d00000| Updating 
|  46|0x0000000082e00000, 0x0000000082f00000, 0x0000000082f00000|100%| O|  |TAMS 0x0000000082f00000, 0x0000000082e00000| Updating 
|  47|0x0000000082f00000, 0x0000000083000000, 0x0000000083000000|100%| O|  |TAMS 0x0000000083000000, 0x0000000082f00000| Updating 
|  48|0x0000000083000000, 0x0000000083100000, 0x0000000083100000|100%| O|  |TAMS 0x0000000083100000, 0x0000000083000000| Updating 
|  49|0x0000000083100000, 0x0000000083200000, 0x0000000083200000|100%| O|  |TAMS 0x0000000083200000, 0x0000000083100000| Updating 
|  50|0x0000000083200000, 0x0000000083300000, 0x0000000083300000|100%| O|  |TAMS 0x0000000083300000, 0x0000000083200000| Updating 
|  51|0x0000000083300000, 0x0000000083400000, 0x0000000083400000|100%| O|  |TAMS 0x0000000083400000, 0x0000000083300000| Updating 
|  52|0x0000000083400000, 0x0000000083500000, 0x0000000083500000|100%| O|  |TAMS 0x0000000083500000, 0x0000000083400000| Updating 
|  53|0x0000000083500000, 0x0000000083600000, 0x0000000083600000|100%| O|  |TAMS 0x0000000083600000, 0x0000000083500000| Updating 
|  54|0x0000000083600000, 0x0000000083700000, 0x0000000083700000|100%| O|  |TAMS 0x0000000083700000, 0x0000000083600000| Updating 
|  55|0x0000000083700000, 0x0000000083800000, 0x0000000083800000|100%| O|  |TAMS 0x0000000083800000, 0x0000000083700000| Updating 
|  56|0x0000000083800000, 0x0000000083900000, 0x0000000083900000|100%| O|  |TAMS 0x0000000083900000, 0x0000000083800000| Updating 
|  57|0x0000000083900000, 0x0000000083a00000, 0x0000000083a00000|100%| O|  |TAMS 0x0000000083a00000, 0x0000000083900000| Updating 
|  58|0x0000000083a00000, 0x0000000083b00000, 0x0000000083b00000|100%| O|  |TAMS 0x0000000083b00000, 0x0000000083a00000| Updating 
|  59|0x0000000083b00000, 0x0000000083c00000, 0x0000000083c00000|100%| O|  |TAMS 0x0000000083c00000, 0x0000000083b00000| Updating 
|  60|0x0000000083c00000, 0x0000000083d00000, 0x0000000083d00000|100%| O|  |TAMS 0x0000000083d00000, 0x0000000083c00000| Updating 
|  61|0x0000000083d00000, 0x0000000083e00000, 0x0000000083e00000|100%| O|  |TAMS 0x0000000083e00000, 0x0000000083d00000| Updating 
|  62|0x0000000083e00000, 0x0000000083f00000, 0x0000000083f00000|100%| O|  |TAMS 0x0000000083f00000, 0x0000000083e00000| Updating 
|  63|0x0000000083f00000, 0x0000000084000000, 0x0000000084000000|100%| O|  |TAMS 0x0000000084000000, 0x0000000083f00000| Updating 
|  64|0x0000000084000000, 0x0000000084100000, 0x0000000084100000|100%| O|  |TAMS 0x0000000084100000, 0x0000000084000000| Updating 
|  65|0x0000000084100000, 0x0000000084200000, 0x0000000084200000|100%| O|  |TAMS 0x0000000084200000, 0x0000000084100000| Updating 
|  66|0x0000000084200000, 0x0000000084300000, 0x0000000084300000|100%| O|  |TAMS 0x0000000084300000, 0x0000000084200000| Updating 
|  67|0x0000000084300000, 0x0000000084400000, 0x0000000084400000|100%| O|  |TAMS 0x0000000084400000, 0x0000000084300000| Updating 
|  68|0x0000000084400000, 0x0000000084500000, 0x0000000084500000|100%| O|  |TAMS 0x0000000084500000, 0x0000000084400000| Updating 
|  69|0x0000000084500000, 0x0000000084600000, 0x0000000084600000|100%| O|  |TAMS 0x0000000084600000, 0x0000000084500000| Updating 
|  70|0x0000000084600000, 0x0000000084700000, 0x0000000084700000|100%| O|  |TAMS 0x0000000084700000, 0x0000000084600000| Updating 
|  71|0x0000000084700000, 0x0000000084800000, 0x0000000084800000|100%| O|  |TAMS 0x0000000084800000, 0x0000000084700000| Updating 
|  72|0x0000000084800000, 0x0000000084900000, 0x0000000084900000|100%| O|  |TAMS 0x0000000084900000, 0x0000000084800000| Updating 
|  73|0x0000000084900000, 0x0000000084a00000, 0x0000000084a00000|100%| O|  |TAMS 0x0000000084a00000, 0x0000000084900000| Updating 
|  74|0x0000000084a00000, 0x0000000084b00000, 0x0000000084b00000|100%| O|  |TAMS 0x0000000084b00000, 0x0000000084a00000| Updating 
|  75|0x0000000084b00000, 0x0000000084c00000, 0x0000000084c00000|100%| O|  |TAMS 0x0000000084c00000, 0x0000000084b00000| Updating 
|  76|0x0000000084c00000, 0x0000000084d00000, 0x0000000084d00000|100%| O|  |TAMS 0x0000000084d00000, 0x0000000084c00000| Updating 
|  77|0x0000000084d00000, 0x0000000084e00000, 0x0000000084e00000|100%| O|  |TAMS 0x0000000084e00000, 0x0000000084d00000| Updating 
|  78|0x0000000084e00000, 0x0000000084f00000, 0x0000000084f00000|100%| O|  |TAMS 0x0000000084f00000, 0x0000000084e00000| Updating 
|  79|0x0000000084f00000, 0x0000000085000000, 0x0000000085000000|100%| O|  |TAMS 0x0000000085000000, 0x0000000084f00000| Updating 
|  80|0x0000000085000000, 0x0000000085000000, 0x0000000085100000|  0%| F|  |TAMS 0x0000000085000000, 0x0000000085000000| Untracked 
|  81|0x0000000085100000, 0x0000000085100000, 0x0000000085200000|  0%| F|  |TAMS 0x0000000085100000, 0x0000000085100000| Untracked 
|  82|0x0000000085200000, 0x0000000085200000, 0x0000000085300000|  0%| F|  |TAMS 0x0000000085200000, 0x0000000085200000| Untracked 
|  83|0x0000000085300000, 0x0000000085400000, 0x0000000085400000|100%| O|  |TAMS 0x0000000085400000, 0x0000000085300000| Updating 
|  84|0x0000000085400000, 0x0000000085400000, 0x0000000085500000|  0%| F|  |TAMS 0x0000000085400000, 0x0000000085400000| Untracked 
|  85|0x0000000085500000, 0x0000000085500000, 0x0000000085600000|  0%| F|  |TAMS 0x0000000085500000, 0x0000000085500000| Untracked 
|  86|0x0000000085600000, 0x0000000085600000, 0x0000000085700000|  0%| F|  |TAMS 0x0000000085600000, 0x0000000085600000| Untracked 
|  87|0x0000000085700000, 0x0000000085700000, 0x0000000085800000|  0%| F|  |TAMS 0x0000000085700000, 0x0000000085700000| Untracked 
|  88|0x0000000085800000, 0x0000000085800000, 0x0000000085900000|  0%| F|  |TAMS 0x0000000085800000, 0x0000000085800000| Untracked 
|  89|0x0000000085900000, 0x0000000085900000, 0x0000000085a00000|  0%| F|  |TAMS 0x0000000085900000, 0x0000000085900000| Untracked 
|  90|0x0000000085a00000, 0x0000000085b00000, 0x0000000085b00000|100%| O|  |TAMS 0x0000000085b00000, 0x0000000085a00000| Updating 
|  91|0x0000000085b00000, 0x0000000085c00000, 0x0000000085c00000|100%| O|  |TAMS 0x0000000085c00000, 0x0000000085b00000| Updating 
|  92|0x0000000085c00000, 0x0000000085c00000, 0x0000000085d00000|  0%| F|  |TAMS 0x0000000085c00000, 0x0000000085c00000| Untracked 
|  93|0x0000000085d00000, 0x0000000085e00000, 0x0000000085e00000|100%| O|  |TAMS 0x0000000085e00000, 0x0000000085d00000| Updating 
|  94|0x0000000085e00000, 0x0000000085f00000, 0x0000000085f00000|100%| O|  |TAMS 0x0000000085f00000, 0x0000000085e00000| Updating 
|  95|0x0000000085f00000, 0x0000000086000000, 0x0000000086000000|100%| O|  |TAMS 0x0000000086000000, 0x0000000085f00000| Updating 
|  96|0x0000000086000000, 0x0000000086100000, 0x0000000086100000|100%| O|  |TAMS 0x0000000086100000, 0x0000000086000000| Updating 
|  97|0x0000000086100000, 0x0000000086100000, 0x0000000086200000|  0%| F|  |TAMS 0x0000000086100000, 0x0000000086100000| Untracked 
|  98|0x0000000086200000, 0x0000000086200000, 0x0000000086300000|  0%| F|  |TAMS 0x0000000086200000, 0x0000000086200000| Untracked 
|  99|0x0000000086300000, 0x0000000086300000, 0x0000000086400000|  0%| F|  |TAMS 0x0000000086300000, 0x0000000086300000| Untracked 
| 100|0x0000000086400000, 0x0000000086400000, 0x0000000086500000|  0%| F|  |TAMS 0x0000000086400000, 0x0000000086400000| Untracked 
| 101|0x0000000086500000, 0x0000000086500000, 0x0000000086600000|  0%| F|  |TAMS 0x0000000086500000, 0x0000000086500000| Untracked 
| 102|0x0000000086600000, 0x0000000086600000, 0x0000000086700000|  0%| F|  |TAMS 0x0000000086600000, 0x0000000086600000| Untracked 
| 103|0x0000000086700000, 0x0000000086700000, 0x0000000086800000|  0%| F|  |TAMS 0x0000000086700000, 0x0000000086700000| Untracked 
| 104|0x0000000086800000, 0x0000000086800000, 0x0000000086900000|  0%| F|  |TAMS 0x0000000086800000, 0x0000000086800000| Untracked 
| 105|0x0000000086900000, 0x0000000086900000, 0x0000000086a00000|  0%| F|  |TAMS 0x0000000086900000, 0x0000000086900000| Untracked 
| 106|0x0000000086a00000, 0x0000000086a00000, 0x0000000086b00000|  0%| F|  |TAMS 0x0000000086a00000, 0x0000000086a00000| Untracked 
| 107|0x0000000086b00000, 0x0000000086b00000, 0x0000000086c00000|  0%| F|  |TAMS 0x0000000086b00000, 0x0000000086b00000| Untracked 
| 108|0x0000000086c00000, 0x0000000086c00000, 0x0000000086d00000|  0%| F|  |TAMS 0x0000000086c00000, 0x0000000086c00000| Untracked 
| 109|0x0000000086d00000, 0x0000000086d00000, 0x0000000086e00000|  0%| F|  |TAMS 0x0000000086d00000, 0x0000000086d00000| Untracked 
| 110|0x0000000086e00000, 0x0000000086e00000, 0x0000000086f00000|  0%| F|  |TAMS 0x0000000086e00000, 0x0000000086e00000| Untracked 
| 111|0x0000000086f00000, 0x0000000086f00000, 0x0000000087000000|  0%| F|  |TAMS 0x0000000086f00000, 0x0000000086f00000| Untracked 
| 112|0x0000000087000000, 0x0000000087000000, 0x0000000087100000|  0%| F|  |TAMS 0x0000000087000000, 0x0000000087000000| Untracked 
| 113|0x0000000087100000, 0x0000000087100000, 0x0000000087200000|  0%| F|  |TAMS 0x0000000087100000, 0x0000000087100000| Untracked 
| 114|0x0000000087200000, 0x0000000087200000, 0x0000000087300000|  0%| F|  |TAMS 0x0000000087200000, 0x0000000087200000| Untracked 
| 115|0x0000000087300000, 0x0000000087400000, 0x0000000087400000|100%| O|  |TAMS 0x0000000087400000, 0x0000000087300000| Updating 
| 116|0x0000000087400000, 0x0000000087400000, 0x0000000087500000|  0%| F|  |TAMS 0x0000000087400000, 0x0000000087400000| Untracked 
| 117|0x0000000087500000, 0x0000000087600000, 0x0000000087600000|100%| O|  |TAMS 0x0000000087600000, 0x0000000087500000| Updating 
| 118|0x0000000087600000, 0x0000000087700000, 0x0000000087700000|100%| O|  |TAMS 0x0000000087700000, 0x0000000087600000| Updating 
| 119|0x0000000087700000, 0x0000000087800000, 0x0000000087800000|100%| O|  |TAMS 0x0000000087800000, 0x0000000087700000| Updating 
| 120|0x0000000087800000, 0x0000000087800000, 0x0000000087900000|  0%| F|  |TAMS 0x0000000087800000, 0x0000000087800000| Untracked 
| 121|0x0000000087900000, 0x0000000087a00000, 0x0000000087a00000|100%| O|  |TAMS 0x0000000087a00000, 0x0000000087900000| Updating 
| 122|0x0000000087a00000, 0x0000000087b00000, 0x0000000087b00000|100%| O|  |TAMS 0x0000000087b00000, 0x0000000087a00000| Updating 
| 123|0x0000000087b00000, 0x0000000087b00000, 0x0000000087c00000|  0%| F|  |TAMS 0x0000000087b00000, 0x0000000087b00000| Untracked 
| 124|0x0000000087c00000, 0x0000000087c00000, 0x0000000087d00000|  0%| F|  |TAMS 0x0000000087c00000, 0x0000000087c00000| Untracked 
| 125|0x0000000087d00000, 0x0000000087d00000, 0x0000000087e00000|  0%| F|  |TAMS 0x0000000087d00000, 0x0000000087d00000| Untracked 
| 126|0x0000000087e00000, 0x0000000087f00000, 0x0000000087f00000|100%| O|  |TAMS 0x0000000087f00000, 0x0000000087e00000| Updating 
| 127|0x0000000087f00000, 0x0000000088000000, 0x0000000088000000|100%| O|  |TAMS 0x0000000088000000, 0x0000000087f00000| Updating 
| 128|0x0000000088000000, 0x0000000088100000, 0x0000000088100000|100%| O|  |TAMS 0x0000000088100000, 0x0000000088000000| Updating 
| 129|0x0000000088100000, 0x0000000088100000, 0x0000000088200000|  0%| F|  |TAMS 0x0000000088100000, 0x0000000088100000| Untracked 
| 130|0x0000000088200000, 0x0000000088300000, 0x0000000088300000|100%| O|  |TAMS 0x0000000088300000, 0x0000000088200000| Updating 
| 131|0x0000000088300000, 0x0000000088400000, 0x0000000088400000|100%| O|  |TAMS 0x0000000088400000, 0x0000000088300000| Updating 
| 132|0x0000000088400000, 0x0000000088500000, 0x0000000088500000|100%| O|  |TAMS 0x0000000088500000, 0x0000000088400000| Updating 
| 133|0x0000000088500000, 0x0000000088600000, 0x0000000088600000|100%| O|  |TAMS 0x0000000088600000, 0x0000000088500000| Updating 
| 134|0x0000000088600000, 0x0000000088700000, 0x0000000088700000|100%| O|  |TAMS 0x0000000088700000, 0x0000000088600000| Updating 
| 135|0x0000000088700000, 0x000000008878aa00, 0x0000000088800000| 54%| O|  |TAMS 0x000000008878aa00, 0x0000000088700000| Updating 
| 136|0x0000000088800000, 0x0000000088800000, 0x0000000088900000|  0%| F|  |TAMS 0x0000000088800000, 0x0000000088800000| Untracked 
| 137|0x0000000088900000, 0x0000000088900000, 0x0000000088a00000|  0%| F|  |TAMS 0x0000000088900000, 0x0000000088900000| Untracked 
| 138|0x0000000088a00000, 0x0000000088a00000, 0x0000000088b00000|  0%| F|  |TAMS 0x0000000088a00000, 0x0000000088a00000| Untracked 
| 139|0x0000000088b00000, 0x0000000088b00000, 0x0000000088c00000|  0%| F|  |TAMS 0x0000000088b00000, 0x0000000088b00000| Untracked 
| 140|0x0000000088c00000, 0x0000000088c00000, 0x0000000088d00000|  0%| F|  |TAMS 0x0000000088c00000, 0x0000000088c00000| Untracked 
| 141|0x0000000088d00000, 0x0000000088d00000, 0x0000000088e00000|  0%| F|  |TAMS 0x0000000088d00000, 0x0000000088d00000| Untracked 
| 142|0x0000000088e00000, 0x0000000088e00000, 0x0000000088f00000|  0%| F|  |TAMS 0x0000000088e00000, 0x0000000088e00000| Untracked 
| 143|0x0000000088f00000, 0x0000000088f00000, 0x0000000089000000|  0%| F|  |TAMS 0x0000000088f00000, 0x0000000088f00000| Untracked 
| 144|0x0000000089000000, 0x0000000089000000, 0x0000000089100000|  0%| F|  |TAMS 0x0000000089000000, 0x0000000089000000| Untracked 
| 145|0x0000000089100000, 0x0000000089100000, 0x0000000089200000|  0%| F|  |TAMS 0x0000000089100000, 0x0000000089100000| Untracked 
| 146|0x0000000089200000, 0x0000000089200000, 0x0000000089300000|  0%| F|  |TAMS 0x0000000089200000, 0x0000000089200000| Untracked 
| 147|0x0000000089300000, 0x0000000089300000, 0x0000000089400000|  0%| F|  |TAMS 0x0000000089300000, 0x0000000089300000| Untracked 
| 148|0x0000000089400000, 0x0000000089400000, 0x0000000089500000|  0%| F|  |TAMS 0x0000000089400000, 0x0000000089400000| Untracked 
| 149|0x0000000089500000, 0x0000000089500000, 0x0000000089600000|  0%| F|  |TAMS 0x0000000089500000, 0x0000000089500000| Untracked 
| 150|0x0000000089600000, 0x0000000089600000, 0x0000000089700000|  0%| F|  |TAMS 0x0000000089600000, 0x0000000089600000| Untracked 
| 151|0x0000000089700000, 0x0000000089700000, 0x0000000089800000|  0%| F|  |TAMS 0x0000000089700000, 0x0000000089700000| Untracked 
| 152|0x0000000089800000, 0x0000000089800000, 0x0000000089900000|  0%| F|  |TAMS 0x0000000089800000, 0x0000000089800000| Untracked 
| 153|0x0000000089900000, 0x0000000089900000, 0x0000000089a00000|  0%| F|  |TAMS 0x0000000089900000, 0x0000000089900000| Untracked 
| 154|0x0000000089a00000, 0x0000000089a00000, 0x0000000089b00000|  0%| F|  |TAMS 0x0000000089a00000, 0x0000000089a00000| Untracked 
| 155|0x0000000089b00000, 0x0000000089b00000, 0x0000000089c00000|  0%| F|  |TAMS 0x0000000089b00000, 0x0000000089b00000| Untracked 
| 156|0x0000000089c00000, 0x0000000089d00000, 0x0000000089d00000|100%| O|  |TAMS 0x0000000089d00000, 0x0000000089c00000| Updating 
| 157|0x0000000089d00000, 0x0000000089d00000, 0x0000000089e00000|  0%| F|  |TAMS 0x0000000089d00000, 0x0000000089d00000| Untracked 
| 158|0x0000000089e00000, 0x0000000089e00000, 0x0000000089f00000|  0%| F|  |TAMS 0x0000000089e00000, 0x0000000089e00000| Untracked 
| 159|0x0000000089f00000, 0x0000000089f00000, 0x000000008a000000|  0%| F|  |TAMS 0x0000000089f00000, 0x0000000089f00000| Untracked 
| 160|0x000000008a000000, 0x000000008a000000, 0x000000008a100000|  0%| F|  |TAMS 0x000000008a000000, 0x000000008a000000| Untracked 
| 161|0x000000008a100000, 0x000000008a100000, 0x000000008a200000|  0%| F|  |TAMS 0x000000008a100000, 0x000000008a100000| Untracked 
| 162|0x000000008a200000, 0x000000008a200000, 0x000000008a300000|  0%| F|  |TAMS 0x000000008a200000, 0x000000008a200000| Untracked 
| 163|0x000000008a300000, 0x000000008a300000, 0x000000008a400000|  0%| F|  |TAMS 0x000000008a300000, 0x000000008a300000| Untracked 
| 164|0x000000008a400000, 0x000000008a400000, 0x000000008a500000|  0%| F|  |TAMS 0x000000008a400000, 0x000000008a400000| Untracked 
| 165|0x000000008a500000, 0x000000008a500000, 0x000000008a600000|  0%| F|  |TAMS 0x000000008a500000, 0x000000008a500000| Untracked 
| 166|0x000000008a600000, 0x000000008a600000, 0x000000008a700000|  0%| F|  |TAMS 0x000000008a600000, 0x000000008a600000| Untracked 
| 167|0x000000008a700000, 0x000000008a700000, 0x000000008a800000|  0%| F|  |TAMS 0x000000008a700000, 0x000000008a700000| Untracked 
| 168|0x000000008a800000, 0x000000008a800000, 0x000000008a900000|  0%| F|  |TAMS 0x000000008a800000, 0x000000008a800000| Untracked 
| 169|0x000000008a900000, 0x000000008a900000, 0x000000008aa00000|  0%| F|  |TAMS 0x000000008a900000, 0x000000008a900000| Untracked 
| 170|0x000000008aa00000, 0x000000008aa00000, 0x000000008ab00000|  0%| F|  |TAMS 0x000000008aa00000, 0x000000008aa00000| Untracked 
| 171|0x000000008ab00000, 0x000000008ab00000, 0x000000008ac00000|  0%| F|  |TAMS 0x000000008ab00000, 0x000000008ab00000| Untracked 
| 172|0x000000008ac00000, 0x000000008ac00000, 0x000000008ad00000|  0%| F|  |TAMS 0x000000008ac00000, 0x000000008ac00000| Untracked 
| 173|0x000000008ad00000, 0x000000008ad00000, 0x000000008ae00000|  0%| F|  |TAMS 0x000000008ad00000, 0x000000008ad00000| Untracked 
| 174|0x000000008ae00000, 0x000000008ae00000, 0x000000008af00000|  0%| F|  |TAMS 0x000000008ae00000, 0x000000008ae00000| Untracked 
| 175|0x000000008af00000, 0x000000008af00000, 0x000000008b000000|  0%| F|  |TAMS 0x000000008af00000, 0x000000008af00000| Untracked 
| 176|0x000000008b000000, 0x000000008b000000, 0x000000008b100000|  0%| F|  |TAMS 0x000000008b000000, 0x000000008b000000| Untracked 
| 177|0x000000008b100000, 0x000000008b100000, 0x000000008b200000|  0%| F|  |TAMS 0x000000008b100000, 0x000000008b100000| Untracked 
| 178|0x000000008b200000, 0x000000008b200000, 0x000000008b300000|  0%| F|  |TAMS 0x000000008b200000, 0x000000008b200000| Untracked 
| 179|0x000000008b300000, 0x000000008b300000, 0x000000008b400000|  0%| F|  |TAMS 0x000000008b300000, 0x000000008b300000| Untracked 
| 180|0x000000008b400000, 0x000000008b400000, 0x000000008b500000|  0%| F|  |TAMS 0x000000008b400000, 0x000000008b400000| Untracked 
| 181|0x000000008b500000, 0x000000008b500000, 0x000000008b600000|  0%| F|  |TAMS 0x000000008b500000, 0x000000008b500000| Untracked 
| 182|0x000000008b600000, 0x000000008b600000, 0x000000008b700000|  0%| F|  |TAMS 0x000000008b600000, 0x000000008b600000| Untracked 
| 183|0x000000008b700000, 0x000000008b700000, 0x000000008b800000|  0%| F|  |TAMS 0x000000008b700000, 0x000000008b700000| Untracked 
| 184|0x000000008b800000, 0x000000008b800000, 0x000000008b900000|  0%| F|  |TAMS 0x000000008b800000, 0x000000008b800000| Untracked 
| 185|0x000000008b900000, 0x000000008b9f8900, 0x000000008ba00000| 97%| S|CS|TAMS 0x000000008b900000, 0x000000008b900000| Complete 
| 186|0x000000008ba00000, 0x000000008bb00000, 0x000000008bb00000|100%| S|CS|TAMS 0x000000008ba00000, 0x000000008ba00000| Complete 
| 187|0x000000008bb00000, 0x000000008bc00000, 0x000000008bc00000|100%| S|CS|TAMS 0x000000008bb00000, 0x000000008bb00000| Complete 
| 188|0x000000008bc00000, 0x000000008bd00000, 0x000000008bd00000|100%| S|CS|TAMS 0x000000008bc00000, 0x000000008bc00000| Complete 
| 189|0x000000008bd00000, 0x000000008bd00000, 0x000000008be00000|  0%| F|  |TAMS 0x000000008bd00000, 0x000000008bd00000| Untracked 
| 190|0x000000008be00000, 0x000000008be00000, 0x000000008bf00000|  0%| F|  |TAMS 0x000000008be00000, 0x000000008be00000| Untracked 
| 191|0x000000008bf00000, 0x000000008bf00000, 0x000000008c000000|  0%| F|  |TAMS 0x000000008bf00000, 0x000000008bf00000| Untracked 
| 192|0x000000008c000000, 0x000000008c000000, 0x000000008c100000|  0%| F|  |TAMS 0x000000008c000000, 0x000000008c000000| Untracked 
| 193|0x000000008c100000, 0x000000008c100000, 0x000000008c200000|  0%| F|  |TAMS 0x000000008c100000, 0x000000008c100000| Untracked 
| 194|0x000000008c200000, 0x000000008c200000, 0x000000008c300000|  0%| F|  |TAMS 0x000000008c200000, 0x000000008c200000| Untracked 
| 195|0x000000008c300000, 0x000000008c300000, 0x000000008c400000|  0%| F|  |TAMS 0x000000008c300000, 0x000000008c300000| Untracked 
| 196|0x000000008c400000, 0x000000008c400000, 0x000000008c500000|  0%| F|  |TAMS 0x000000008c400000, 0x000000008c400000| Untracked 
| 197|0x000000008c500000, 0x000000008c500000, 0x000000008c600000|  0%| F|  |TAMS 0x000000008c500000, 0x000000008c500000| Untracked 
| 198|0x000000008c600000, 0x000000008c600000, 0x000000008c700000|  0%| F|  |TAMS 0x000000008c600000, 0x000000008c600000| Untracked 
| 199|0x000000008c700000, 0x000000008c700000, 0x000000008c800000|  0%| F|  |TAMS 0x000000008c700000, 0x000000008c700000| Untracked 
| 200|0x000000008c800000, 0x000000008c800000, 0x000000008c900000|  0%| F|  |TAMS 0x000000008c800000, 0x000000008c800000| Untracked 
| 201|0x000000008c900000, 0x000000008c900000, 0x000000008ca00000|  0%| F|  |TAMS 0x000000008c900000, 0x000000008c900000| Untracked 
| 202|0x000000008ca00000, 0x000000008ca00000, 0x000000008cb00000|  0%| F|  |TAMS 0x000000008ca00000, 0x000000008ca00000| Untracked 
| 203|0x000000008cb00000, 0x000000008cb00000, 0x000000008cc00000|  0%| F|  |TAMS 0x000000008cb00000, 0x000000008cb00000| Untracked 
| 204|0x000000008cc00000, 0x000000008cc00000, 0x000000008cd00000|  0%| F|  |TAMS 0x000000008cc00000, 0x000000008cc00000| Untracked 
| 205|0x000000008cd00000, 0x000000008cd00000, 0x000000008ce00000|  0%| F|  |TAMS 0x000000008cd00000, 0x000000008cd00000| Untracked 
| 206|0x000000008ce00000, 0x000000008ce00000, 0x000000008cf00000|  0%| F|  |TAMS 0x000000008ce00000, 0x000000008ce00000| Untracked 
| 207|0x000000008cf00000, 0x000000008cf00000, 0x000000008d000000|  0%| F|  |TAMS 0x000000008cf00000, 0x000000008cf00000| Untracked 
| 208|0x000000008d000000, 0x000000008d000000, 0x000000008d100000|  0%| F|  |TAMS 0x000000008d000000, 0x000000008d000000| Untracked 
| 209|0x000000008d100000, 0x000000008d100000, 0x000000008d200000|  0%| F|  |TAMS 0x000000008d100000, 0x000000008d100000| Untracked 
| 210|0x000000008d200000, 0x000000008d200000, 0x000000008d300000|  0%| F|  |TAMS 0x000000008d200000, 0x000000008d200000| Untracked 
| 211|0x000000008d300000, 0x000000008d300000, 0x000000008d400000|  0%| F|  |TAMS 0x000000008d300000, 0x000000008d300000| Untracked 
| 212|0x000000008d400000, 0x000000008d400000, 0x000000008d500000|  0%| F|  |TAMS 0x000000008d400000, 0x000000008d400000| Untracked 
| 213|0x000000008d500000, 0x000000008d500000, 0x000000008d600000|  0%| F|  |TAMS 0x000000008d500000, 0x000000008d500000| Untracked 
| 214|0x000000008d600000, 0x000000008d600000, 0x000000008d700000|  0%| F|  |TAMS 0x000000008d600000, 0x000000008d600000| Untracked 
| 215|0x000000008d700000, 0x000000008d700000, 0x000000008d800000|  0%| F|  |TAMS 0x000000008d700000, 0x000000008d700000| Untracked 
| 216|0x000000008d800000, 0x000000008d800000, 0x000000008d900000|  0%| F|  |TAMS 0x000000008d800000, 0x000000008d800000| Untracked 
| 217|0x000000008d900000, 0x000000008d900000, 0x000000008da00000|  0%| F|  |TAMS 0x000000008d900000, 0x000000008d900000| Untracked 
| 218|0x000000008da00000, 0x000000008da00000, 0x000000008db00000|  0%| F|  |TAMS 0x000000008da00000, 0x000000008da00000| Untracked 
| 219|0x000000008db00000, 0x000000008db00000, 0x000000008dc00000|  0%| F|  |TAMS 0x000000008db00000, 0x000000008db00000| Untracked 
| 220|0x000000008dc00000, 0x000000008dc00000, 0x000000008dd00000|  0%| F|  |TAMS 0x000000008dc00000, 0x000000008dc00000| Untracked 
| 221|0x000000008dd00000, 0x000000008dd00000, 0x000000008de00000|  0%| F|  |TAMS 0x000000008dd00000, 0x000000008dd00000| Untracked 
| 222|0x000000008de00000, 0x000000008de00000, 0x000000008df00000|  0%| F|  |TAMS 0x000000008de00000, 0x000000008de00000| Untracked 
| 223|0x000000008df00000, 0x000000008df21850, 0x000000008e000000| 13%| E|  |TAMS 0x000000008df00000, 0x000000008df00000| Complete 
| 224|0x000000008e000000, 0x000000008e100000, 0x000000008e100000|100%| E|CS|TAMS 0x000000008e000000, 0x000000008e000000| Complete 
| 225|0x000000008e100000, 0x000000008e200000, 0x000000008e200000|100%| E|CS|TAMS 0x000000008e100000, 0x000000008e100000| Complete 
| 226|0x000000008e200000, 0x000000008e300000, 0x000000008e300000|100%| E|CS|TAMS 0x000000008e200000, 0x000000008e200000| Complete 
| 227|0x000000008e300000, 0x000000008e400000, 0x000000008e400000|100%| E|CS|TAMS 0x000000008e300000, 0x000000008e300000| Complete 
| 228|0x000000008e400000, 0x000000008e500000, 0x000000008e500000|100%| E|CS|TAMS 0x000000008e400000, 0x000000008e400000| Complete 
| 229|0x000000008e500000, 0x000000008e600000, 0x000000008e600000|100%| E|CS|TAMS 0x000000008e500000, 0x000000008e500000| Complete 
| 230|0x000000008e600000, 0x000000008e700000, 0x000000008e700000|100%| E|CS|TAMS 0x000000008e600000, 0x000000008e600000| Complete 

Card table byte_map: [0x0000025ef0220000,0x0000025ef0620000] _byte_map_base: 0x0000025eefe20000

Marking Bits (Prev, Next): (CMBitMap*) 0x0000025edd36ed08, (CMBitMap*) 0x0000025edd36ed40
 Prev Bits: [0x0000025ef0a20000, 0x0000025ef2a20000)
 Next Bits: [0x0000025ef2a20000, 0x0000025ef4a20000)

Polling page: 0x0000025edb0c0000

Metaspace:

Usage:
  Non-class:     80.14 MB capacity,    78.74 MB ( 98%) used,     1.16 MB (  1%) free+waste,   250.31 KB ( <1%) overhead. 
      Class:     11.94 MB capacity,    11.12 MB ( 93%) used,   728.96 KB (  6%) free+waste,   110.75 KB ( <1%) overhead. 
       Both:     92.09 MB capacity,    89.87 MB ( 98%) used,     1.87 MB (  2%) free+waste,   361.06 KB ( <1%) overhead. 

Virtual space:
  Non-class space:       82.00 MB reserved,      80.22 MB ( 98%) committed 
      Class space:        1.00 GB reserved,      12.02 MB (  1%) committed 
             Both:        1.08 GB reserved,      92.24 MB (  8%) committed 

Chunk freelists:
   Non-Class:  77.00 KB
       Class:  27.00 KB
        Both:  104.00 KB

MaxMetaspaceSize: 17179869184.00 GB
CompressedClassSpaceSize: 1.00 GB

CodeHeap 'non-profiled nmethods': size=120064Kb used=8694Kb max_used=8694Kb free=111369Kb
 bounds [0x0000025ee88e0000, 0x0000025ee9160000, 0x0000025eefe20000]
CodeHeap 'profiled nmethods': size=120000Kb used=28911Kb max_used=28911Kb free=91088Kb
 bounds [0x0000025ee13b0000, 0x0000025ee2ff0000, 0x0000025ee88e0000]
CodeHeap 'non-nmethods': size=5696Kb used=2356Kb max_used=2408Kb free=3339Kb
 bounds [0x0000025ee0e20000, 0x0000025ee1090000, 0x0000025ee13b0000]
 total_blobs=13662 nmethods=12665 adapters=908
 compilation: enabled
              stopped_count=0, restarted_count=0
 full_count=0

Compilation events (20 events):
Event: 54.263 Thread 0x0000025ef77a8800 nmethod 12133 0x0000025ee915a890 code [0x0000025ee915aac0, 0x0000025ee915bbd8]
Event: 54.263 Thread 0x0000025ef77a8800 12145       4       java.lang.StringBuilder::append (8 bytes)
Event: 54.264 Thread 0x0000025ef77a8800 nmethod 12145 0x0000025ee915c290 code [0x0000025ee915c420, 0x0000025ee915c4a8]
Event: 54.264 Thread 0x0000025ef77a8800 12193       4       java.io.ObjectInputStream$HandleTable::assign (48 bytes)
Event: 54.291 Thread 0x0000025ef77a8800 nmethod 12193 0x0000025ee915c590 code [0x0000025ee915c760, 0x0000025ee915d1b8]
Event: 54.292 Thread 0x0000025ef77a8800 12134   !   4       java.io.ObjectStreamClass::lookup (334 bytes)
Event: 54.329 Thread 0x0000025ef77aa000 12849       2       com.android.aaptcompiler.TableExtractor$extractResource$parseBagMethod$13::invoke (20 bytes)
Event: 54.331 Thread 0x0000025ef77aa000 nmethod 12849 0x0000025ee2fdf810 code [0x0000025ee2fdfac0, 0x0000025ee2fe0208]
Event: 54.331 Thread 0x0000025ef77aa000 12850       2       com.android.aaptcompiler.TableExtractor$extractResource$parseBagMethod$13::invoke (32 bytes)
Event: 54.332 Thread 0x0000025ef77aa000 nmethod 12850 0x0000025ee2fe0690 code [0x0000025ee2fe0920, 0x0000025ee2fe0f68]
Event: 54.338 Thread 0x0000025ef77aa000 12854       2       com.android.aaptcompiler.ResourceUtilsKt::parseStyleParentReference (451 bytes)
Event: 54.344 Thread 0x0000025ef77aa000 nmethod 12854 0x0000025ee2fe1390 code [0x0000025ee2fe1800, 0x0000025ee2fe2e78]
Event: 54.347 Thread 0x0000025ef77aa000 12856       3       com.android.aaptcompiler.ResourceUtilsKt::parseXmlAttributeName (310 bytes)
Event: 54.351 Thread 0x0000025ef77aa000 nmethod 12856 0x0000025ee2fe3b10 code [0x0000025ee2fe3f20, 0x0000025ee2fe5a78]
Event: 54.351 Thread 0x0000025ef77aa000 12857 %     3       com.android.aaptcompiler.ResourceUtilsKt::verifyJavaStringFormat @ 12 (473 bytes)
Event: 54.355 Thread 0x0000025ef77aa000 nmethod 12857% 0x0000025ee2fe6490 code [0x0000025ee2fe6840, 0x0000025ee2fe81d8]
Event: 54.355 Thread 0x0000025ef77aa000 12859       2       com.sun.org.apache.xerces.internal.impl.XMLEntityScanner::scanQName (502 bytes)
Event: 54.358 Thread 0x0000025ef77aa000 nmethod 12859 0x0000025ee2fe8a10 code [0x0000025ee2fe8ce0, 0x0000025ee2fe97a8]
Event: 54.358 Thread 0x0000025ef77aa000 12858       2       com.sun.org.apache.xerces.internal.xni.QName::setValues (22 bytes)
Event: 54.358 Thread 0x0000025ef77aa000 nmethod 12858 0x0000025ee2fe9f90 code [0x0000025ee2fea140, 0x0000025ee2fea3b8]

GC Heap History (20 events):
Event: 42.411 GC heap before
{Heap before GC invocations=17 (full 0):
 garbage-first heap   total 236544K, used 179994K [0x0000000080000000, 0x0000000100000000)
  region size 1024K, 108 young (110592K), 16 survivors (16384K)
 Metaspace       used 84392K, capacity 86551K, committed 86776K, reserved 1124352K
  class space    used 10744K, capacity 11498K, committed 11544K, reserved 1048576K
}
Event: 42.480 GC heap after
{Heap after GC invocations=18 (full 0):
 garbage-first heap   total 236544K, used 106496K [0x0000000080000000, 0x0000000100000000)
  region size 1024K, 14 young (14336K), 14 survivors (14336K)
 Metaspace       used 84392K, capacity 86551K, committed 86776K, reserved 1124352K
  class space    used 10744K, capacity 11498K, committed 11544K, reserved 1048576K
}
Event: 45.161 GC heap before
{Heap before GC invocations=18 (full 0):
 garbage-first heap   total 236544K, used 185344K [0x0000000080000000, 0x0000000100000000)
  region size 1024K, 89 young (91136K), 14 survivors (14336K)
 Metaspace       used 87263K, capacity 89482K, committed 89720K, reserved 1126400K
  class space    used 11034K, capacity 11866K, committed 11928K, reserved 1048576K
}
Event: 45.237 GC heap after
{Heap after GC invocations=19 (full 0):
 garbage-first heap   total 236544K, used 128000K [0x0000000080000000, 0x0000000100000000)
  region size 1024K, 12 young (12288K), 12 survivors (12288K)
 Metaspace       used 87263K, capacity 89482K, committed 89720K, reserved 1126400K
  class space    used 11034K, capacity 11866K, committed 11928K, reserved 1048576K
}
Event: 45.401 GC heap before
{Heap before GC invocations=19 (full 0):
 garbage-first heap   total 236544K, used 130048K [0x0000000080000000, 0x0000000100000000)
  region size 1024K, 15 young (15360K), 12 survivors (12288K)
 Metaspace       used 87922K, capacity 90125K, committed 90360K, reserved 1128448K
  class space    used 11102K, capacity 11931K, committed 12056K, reserved 1048576K
}
Event: 45.431 GC heap after
{Heap after GC invocations=20 (full 0):
 garbage-first heap   total 236544K, used 131072K [0x0000000080000000, 0x0000000100000000)
  region size 1024K, 2 young (2048K), 2 survivors (2048K)
 Metaspace       used 87922K, capacity 90125K, committed 90360K, reserved 1128448K
  class space    used 11102K, capacity 11931K, committed 12056K, reserved 1048576K
}
Event: 46.635 GC heap before
{Heap before GC invocations=21 (full 0):
 garbage-first heap   total 236544K, used 150528K [0x0000000080000000, 0x0000000100000000)
  region size 1024K, 13 young (13312K), 2 survivors (2048K)
 Metaspace       used 88101K, capacity 90302K, committed 90616K, reserved 1128448K
  class space    used 11099K, capacity 11921K, committed 12056K, reserved 1048576K
}
Event: 46.645 GC heap after
{Heap after GC invocations=22 (full 0):
 garbage-first heap   total 236544K, used 131616K [0x0000000080000000, 0x0000000100000000)
  region size 1024K, 2 young (2048K), 2 survivors (2048K)
 Metaspace       used 88101K, capacity 90302K, committed 90616K, reserved 1128448K
  class space    used 11099K, capacity 11921K, committed 12056K, reserved 1048576K
}
Event: 49.214 GC heap before
{Heap before GC invocations=23 (full 0):
 garbage-first heap   total 236544K, used 171552K [0x0000000080000000, 0x0000000100000000)
  region size 1024K, 41 young (41984K), 2 survivors (2048K)
 Metaspace       used 88248K, capacity 90558K, committed 90872K, reserved 1128448K
  class space    used 11099K, capacity 11921K, committed 12056K, reserved 1048576K
}
Event: 49.234 GC heap after
{Heap after GC invocations=24 (full 0):
 garbage-first heap   total 236544K, used 135168K [0x0000000080000000, 0x0000000100000000)
  region size 1024K, 5 young (5120K), 5 survivors (5120K)
 Metaspace       used 88248K, capacity 90558K, committed 90872K, reserved 1128448K
  class space    used 11099K, capacity 11921K, committed 12056K, reserved 1048576K
}
Event: 49.983 GC heap before
{Heap before GC invocations=24 (full 0):
 garbage-first heap   total 236544K, used 177152K [0x0000000080000000, 0x0000000100000000)
  region size 1024K, 46 young (47104K), 5 survivors (5120K)
 Metaspace       used 88307K, capacity 90562K, committed 90872K, reserved 1128448K
  class space    used 11101K, capacity 11922K, committed 12056K, reserved 1048576K
}
Event: 50.005 GC heap after
{Heap after GC invocations=25 (full 0):
 garbage-first heap   total 236544K, used 135236K [0x0000000080000000, 0x0000000100000000)
  region size 1024K, 2 young (2048K), 2 survivors (2048K)
 Metaspace       used 88307K, capacity 90562K, committed 90872K, reserved 1128448K
  class space    used 11101K, capacity 11922K, committed 12056K, reserved 1048576K
}
Event: 50.911 GC heap before
{Heap before GC invocations=25 (full 0):
 garbage-first heap   total 236544K, used 179268K [0x0000000080000000, 0x0000000100000000)
  region size 1024K, 45 young (46080K), 2 survivors (2048K)
 Metaspace       used 88328K, capacity 90632K, committed 90872K, reserved 1128448K
  class space    used 11102K, capacity 11924K, committed 12056K, reserved 1048576K
}
Event: 50.920 GC heap after
{Heap after GC invocations=26 (full 0):
 garbage-first heap   total 236544K, used 135524K [0x0000000080000000, 0x0000000100000000)
  region size 1024K, 2 young (2048K), 2 survivors (2048K)
 Metaspace       used 88328K, capacity 90632K, committed 90872K, reserved 1128448K
  class space    used 11102K, capacity 11924K, committed 12056K, reserved 1048576K
}
Event: 51.183 GC heap before
{Heap before GC invocations=27 (full 0):
 garbage-first heap   total 236544K, used 141668K [0x0000000080000000, 0x0000000100000000)
  region size 1024K, 9 young (9216K), 2 survivors (2048K)
 Metaspace       used 88334K, capacity 90632K, committed 90872K, reserved 1128448K
  class space    used 11102K, capacity 11924K, committed 12056K, reserved 1048576K
}
Event: 51.200 GC heap after
{Heap after GC invocations=28 (full 0):
 garbage-first heap   total 236544K, used 140716K [0x0000000080000000, 0x0000000100000000)
  region size 1024K, 7 young (7168K), 7 survivors (7168K)
 Metaspace       used 88334K, capacity 90632K, committed 90872K, reserved 1128448K
  class space    used 11102K, capacity 11924K, committed 12056K, reserved 1048576K
}
Event: 52.697 GC heap before
{Heap before GC invocations=29 (full 0):
 garbage-first heap   total 236544K, used 206252K [0x0000000080000000, 0x0000000100000000)
  region size 1024K, 46 young (47104K), 7 survivors (7168K)
 Metaspace       used 88731K, capacity 91031K, committed 91384K, reserved 1128448K
  class space    used 11126K, capacity 11939K, committed 12056K, reserved 1048576K
}
Event: 52.707 GC heap after
{Heap after GC invocations=30 (full 0):
 garbage-first heap   total 236544K, used 140419K [0x0000000080000000, 0x0000000100000000)
  region size 1024K, 6 young (6144K), 6 survivors (6144K)
 Metaspace       used 88731K, capacity 91031K, committed 91384K, reserved 1128448K
  class space    used 11126K, capacity 11939K, committed 12056K, reserved 1048576K
}
Event: 53.875 GC heap before
{Heap before GC invocations=30 (full 0):
 garbage-first heap   total 236544K, used 182403K [0x0000000080000000, 0x0000000100000000)
  region size 1024K, 48 young (49152K), 6 survivors (6144K)
 Metaspace       used 91831K, capacity 94098K, committed 94456K, reserved 1132544K
  class space    used 11387K, capacity 12227K, committed 12312K, reserved 1048576K
}
Event: 53.899 GC heap after
{Heap after GC invocations=31 (full 0):
 garbage-first heap   total 236544K, used 143884K [0x0000000080000000, 0x0000000100000000)
  region size 1024K, 4 young (4096K), 4 survivors (4096K)
 Metaspace       used 91831K, capacity 94098K, committed 94456K, reserved 1132544K
  class space    used 11387K, capacity 12227K, committed 12312K, reserved 1048576K
}

Deoptimization events (20 events):
Event: 54.108 Thread 0x0000025efd12e800 DEOPT PACKING pc=0x0000025ee2b72130 sp=0x000000f527ffc3e0
Event: 54.109 Thread 0x0000025efd12e800 DEOPT UNPACKING pc=0x0000025ee0e4764e sp=0x000000f527ffb900 mode 0
Event: 54.326 Thread 0x0000025efd12e800 DEOPT PACKING pc=0x0000025ee2b72130 sp=0x000000f527ffc3e0
Event: 54.326 Thread 0x0000025efd12e800 DEOPT UNPACKING pc=0x0000025ee0e4764e sp=0x000000f527ffb900 mode 0
Event: 54.333 Thread 0x0000025efd12e800 DEOPT PACKING pc=0x0000025ee2b72130 sp=0x000000f527ffcdc0
Event: 54.333 Thread 0x0000025efd12e800 DEOPT UNPACKING pc=0x0000025ee0e4764e sp=0x000000f527ffc2e0 mode 0
Event: 54.340 Thread 0x0000025efd12e800 DEOPT PACKING pc=0x0000025ee2b72130 sp=0x000000f527ffcdc0
Event: 54.340 Thread 0x0000025efd12e800 DEOPT UNPACKING pc=0x0000025ee0e4764e sp=0x000000f527ffc2e0 mode 0
Event: 54.346 Thread 0x0000025efd12c000 DEOPT PACKING pc=0x0000025ee2b72262 sp=0x000000f5281fd760
Event: 54.346 Thread 0x0000025efd12c000 DEOPT UNPACKING pc=0x0000025ee0e4764e sp=0x000000f5281fcc80 mode 0
Event: 54.347 Thread 0x0000025efd12e800 DEOPT PACKING pc=0x0000025ee2b72130 sp=0x000000f527ffcdc0
Event: 54.347 Thread 0x0000025efd12e800 DEOPT UNPACKING pc=0x0000025ee0e4764e sp=0x000000f527ffc2e0 mode 0
Event: 54.352 Thread 0x0000025efd12c000 Uncommon trap: trap_request=0xffffff4d fr.pc=0x0000025ee8fd308c relative=0x00000000000046cc
Event: 54.352 Thread 0x0000025efd12c000 Uncommon trap: reason=unstable_if action=reinterpret pc=0x0000025ee8fd308c method=com.sun.org.apache.xerces.internal.impl.XMLEntityScanner.scanQName(Lcom/sun/org/apache/xerces/internal/xni/QName;Lcom/sun/org/apache/xerces/internal/impl/XMLScanner$NameType
Event: 54.352 Thread 0x0000025efd12c000 DEOPT PACKING pc=0x0000025ee8fd308c sp=0x000000f5281fd600
Event: 54.352 Thread 0x0000025efd12c000 DEOPT UNPACKING pc=0x0000025ee0e4782f sp=0x000000f5281fd608 mode 2
Event: 54.359 Thread 0x0000025efd12e800 DEOPT PACKING pc=0x0000025ee2f7df80 sp=0x000000f527ffcd70
Event: 54.359 Thread 0x0000025efd12e800 DEOPT UNPACKING pc=0x0000025ee0e4764e sp=0x000000f527ffc298 mode 0
Event: 54.369 Thread 0x0000025efd12e800 DEOPT PACKING pc=0x0000025ee2b72130 sp=0x000000f527ffcdc0
Event: 54.369 Thread 0x0000025efd12e800 DEOPT UNPACKING pc=0x0000025ee0e4764e sp=0x000000f527ffc2e0 mode 0

Classes redefined (0 events):
No events

Internal exceptions (20 events):
Event: 44.595 Thread 0x0000025efd127800 Exception <a 'java/lang/NoSuchMethodError'{0x000000008a99afb0}: <clinit>> (0x000000008a99afb0) thrown at [./src/hotspot/share/prims/jni.cpp, line 1362]
Event: 44.595 Thread 0x0000025efd127800 Exception <a 'java/lang/NoSuchMethodError'{0x000000008a99db78}: <clinit>> (0x000000008a99db78) thrown at [./src/hotspot/share/prims/jni.cpp, line 1362]
Event: 44.595 Thread 0x0000025efd127800 Exception <a 'java/lang/NoSuchMethodError'{0x000000008a9a2558}: <clinit>> (0x000000008a9a2558) thrown at [./src/hotspot/share/prims/jni.cpp, line 1362]
Event: 44.596 Thread 0x0000025efd127800 Exception <a 'java/lang/NoSuchMethodError'{0x000000008a9adcf8}: <clinit>> (0x000000008a9adcf8) thrown at [./src/hotspot/share/prims/jni.cpp, line 1362]
Event: 44.603 Thread 0x0000025efd127800 Exception <a 'java/lang/NoSuchMethodError'{0x000000008a9fa0b0}: <clinit>> (0x000000008a9fa0b0) thrown at [./src/hotspot/share/prims/jni.cpp, line 1362]
Event: 44.608 Thread 0x0000025efd127800 Exception <a 'java/lang/NoSuchMethodError'{0x000000008a82fcd0}: <clinit>> (0x000000008a82fcd0) thrown at [./src/hotspot/share/prims/jni.cpp, line 1362]
Event: 44.617 Thread 0x0000025efd127800 Exception <a 'java/lang/NoSuchMethodError'{0x000000008a861580}: <clinit>> (0x000000008a861580) thrown at [./src/hotspot/share/prims/jni.cpp, line 1362]
Event: 44.618 Thread 0x0000025efd127800 Exception <a 'java/lang/NoSuchMethodError'{0x000000008a8649e8}: <clinit>> (0x000000008a8649e8) thrown at [./src/hotspot/share/prims/jni.cpp, line 1362]
Event: 44.618 Thread 0x0000025efd127800 Exception <a 'java/lang/NoSuchMethodError'{0x000000008a867658}: <clinit>> (0x000000008a867658) thrown at [./src/hotspot/share/prims/jni.cpp, line 1362]
Event: 44.620 Thread 0x0000025efd127800 Exception <a 'java/lang/NoSuchMethodError'{0x000000008a87f650}: <clinit>> (0x000000008a87f650) thrown at [./src/hotspot/share/prims/jni.cpp, line 1362]
Event: 44.622 Thread 0x0000025efd127800 Exception <a 'java/lang/NoSuchMethodError'{0x000000008a89a398}: <clinit>> (0x000000008a89a398) thrown at [./src/hotspot/share/prims/jni.cpp, line 1362]
Event: 44.626 Thread 0x0000025efd127800 Exception <a 'java/lang/NoSuchMethodError'{0x000000008a8bbdb8}: <clinit>> (0x000000008a8bbdb8) thrown at [./src/hotspot/share/prims/jni.cpp, line 1362]
Event: 44.628 Thread 0x0000025efd127800 Exception <a 'java/lang/NoSuchMethodError'{0x000000008a8ce820}: <clinit>> (0x000000008a8ce820) thrown at [./src/hotspot/share/prims/jni.cpp, line 1362]
Event: 44.688 Thread 0x0000025efd127800 Exception <a 'java/lang/NoSuchMethodError'{0x000000008a779730}: <clinit>> (0x000000008a779730) thrown at [./src/hotspot/share/prims/jni.cpp, line 1362]
Event: 44.912 Thread 0x0000025efd12e800 Exception <a 'java/lang/ClassNotFoundException'{0x000000008a210398}: sun/awt/resources/spi/awtProvider> (0x000000008a210398) thrown at [./src/hotspot/share/classfile/systemDictionary.cpp, line 231]
Event: 44.924 Thread 0x0000025efd12e800 Exception <a 'java/io/FileNotFoundException'{0x0000000089f3b448}> (0x0000000089f3b448) thrown at [./src/hotspot/share/prims/jni.cpp, line 615]
Event: 44.925 Thread 0x0000025efd12e800 Exception <a 'java/io/FileNotFoundException'{0x0000000089f3e5c8}> (0x0000000089f3e5c8) thrown at [./src/hotspot/share/prims/jni.cpp, line 615]
Event: 51.370 Thread 0x0000025efd127800 Implicit null exception at 0x0000025ee908c542 to 0x0000025ee9092748
Event: 51.970 Thread 0x0000025efd127800 Exception <a 'java/lang/NoSuchMethodError'{0x000000008e01fe70}: <clinit>> (0x000000008e01fe70) thrown at [./src/hotspot/share/prims/jni.cpp, line 1362]
Event: 52.100 Thread 0x0000025efd127800 Exception <a 'java/lang/NoSuchMethodError'{0x000000008d774f88}: <clinit>> (0x000000008d774f88) thrown at [./src/hotspot/share/prims/jni.cpp, line 1362]

Events (20 events):
Event: 53.681 loading class com/android/aaptcompiler/Container$EntryType
Event: 53.681 loading class com/android/aaptcompiler/Container$EntryType done
Event: 53.852 loading class com/android/aaptcompiler/FileReference
Event: 53.852 loading class com/android/aaptcompiler/FileReference done
Event: 53.854 loading class com/android/aapt/Resources$Primitive$NullTypeOrBuilder
Event: 53.854 loading class com/android/aapt/Resources$Primitive$NullTypeOrBuilder done
Event: 53.855 loading class com/android/aapt/Resources$Primitive$EmptyTypeOrBuilder
Event: 53.855 loading class com/android/aapt/Resources$Primitive$EmptyTypeOrBuilder done
Event: 53.855 loading class com/android/aapt/Resources$Primitive$1
Event: 53.855 loading class com/android/aapt/Resources$Primitive$1 done
Event: 53.856 loading class com/android/aapt/Resources$Primitive$Builder
Event: 53.856 loading class com/android/aapt/Resources$Primitive$Builder done
Event: 53.858 loading class com/android/aapt/Resources$Primitive$NullType
Event: 53.858 loading class com/android/aapt/Resources$Primitive$NullType done
Event: 53.859 loading class com/android/aapt/Resources$Primitive$EmptyType
Event: 53.859 loading class com/android/aapt/Resources$Primitive$EmptyType done
Event: 53.870 Executing VM operation: G1CollectForAllocation
Event: 53.899 Executing VM operation: G1CollectForAllocation done
Event: 54.306 Executing VM operation: CGC_Operation
Event: 54.325 Executing VM operation: CGC_Operation done


Dynamic libraries:
0x00007ff7c79c0000 - 0x00007ff7c79ca000 	C:\Program Files\Android\Android Studio\jre\bin\java.exe
0x00007ffce5b10000 - 0x00007ffce5d05000 	C:\WINDOWS\SYSTEM32\ntdll.dll
0x00007ffce52d0000 - 0x00007ffce538e000 	C:\WINDOWS\System32\KERNEL32.DLL
0x00007ffce35a0000 - 0x00007ffce3869000 	C:\WINDOWS\System32\KERNELBASE.dll
0x00007ffce3950000 - 0x00007ffce3a50000 	C:\WINDOWS\System32\ucrtbase.dll
0x00007ffcdf180000 - 0x00007ffcdf199000 	C:\Program Files\Android\Android Studio\jre\bin\jli.dll
0x00007ffce5090000 - 0x00007ffce5231000 	C:\WINDOWS\System32\USER32.dll
0x00007ffcdf080000 - 0x00007ffcdf097000 	C:\Program Files\Android\Android Studio\jre\bin\VCRUNTIME140.dll
0x00007ffce3380000 - 0x00007ffce33a2000 	C:\WINDOWS\System32\win32u.dll
0x00007ffcd2f70000 - 0x00007ffcd320a000 	C:\WINDOWS\WinSxS\amd64_microsoft.windows.common-controls_6595b64144ccf1df_6.0.19041.1110_none_60b5254171f9507e\COMCTL32.dll
0x00007ffce4880000 - 0x00007ffce491e000 	C:\WINDOWS\System32\msvcrt.dll
0x00007ffce4b90000 - 0x00007ffce4bbb000 	C:\WINDOWS\System32\GDI32.dll
0x00007ffce3a50000 - 0x00007ffce3b5b000 	C:\WINDOWS\System32\gdi32full.dll
0x00007ffce32e0000 - 0x00007ffce337d000 	C:\WINDOWS\System32\msvcp_win.dll
0x00007ffce52a0000 - 0x00007ffce52d0000 	C:\WINDOWS\System32\IMM32.DLL
0x00007ffcce7a0000 - 0x00007ffcce83d000 	C:\Program Files\Android\Android Studio\jre\bin\msvcp140.dll
0x00007ffca9130000 - 0x00007ffca9bff000 	C:\Program Files\Android\Android Studio\jre\bin\server\jvm.dll
0x00007ffce4ae0000 - 0x00007ffce4b8c000 	C:\WINDOWS\System32\ADVAPI32.dll
0x00007ffce4ff0000 - 0x00007ffce508b000 	C:\WINDOWS\System32\sechost.dll
0x00007ffce3ce0000 - 0x00007ffce3e0a000 	C:\WINDOWS\System32\RPCRT4.dll
0x00007ffce4670000 - 0x00007ffce4678000 	C:\WINDOWS\System32\PSAPI.DLL
0x00007ffcdaba0000 - 0x00007ffcdaba9000 	C:\WINDOWS\SYSTEM32\WSOCK32.dll
0x00007ffcd26d0000 - 0x00007ffcd26f7000 	C:\WINDOWS\SYSTEM32\WINMM.dll
0x00007ffce4d70000 - 0x00007ffce4ddb000 	C:\WINDOWS\System32\WS2_32.dll
0x00007ffcd4af0000 - 0x00007ffcd4afa000 	C:\WINDOWS\SYSTEM32\VERSION.dll
0x00007ffce1130000 - 0x00007ffce1142000 	C:\WINDOWS\SYSTEM32\kernel.appcore.dll
0x00007ffcd1980000 - 0x00007ffcd1991000 	C:\Program Files\Android\Android Studio\jre\bin\verify.dll
0x00007ffcd41e0000 - 0x00007ffcd43c4000 	C:\WINDOWS\SYSTEM32\DBGHELP.DLL
0x00007ffcd2ee0000 - 0x00007ffcd2f0c000 	C:\WINDOWS\SYSTEM32\dbgcore.DLL
0x00007ffce3870000 - 0x00007ffce38f3000 	C:\WINDOWS\System32\bcryptPrimitives.dll
0x00007ffcd17b0000 - 0x00007ffcd17d9000 	C:\Program Files\Android\Android Studio\jre\bin\java.dll
0x00007ffcd5400000 - 0x00007ffcd540b000 	C:\Program Files\Android\Android Studio\jre\bin\jimage.dll
0x00007ffcd1960000 - 0x00007ffcd1978000 	C:\Program Files\Android\Android Studio\jre\bin\zip.dll
0x00007ffce5390000 - 0x00007ffce5acf000 	C:\WINDOWS\System32\SHELL32.dll
0x00007ffce1330000 - 0x00007ffce1ac0000 	C:\WINDOWS\SYSTEM32\windows.storage.dll
0x00007ffce42b0000 - 0x00007ffce4605000 	C:\WINDOWS\System32\combase.dll
0x00007ffce2bb0000 - 0x00007ffce2bdc000 	C:\WINDOWS\SYSTEM32\Wldp.dll
0x00007ffce3c30000 - 0x00007ffce3cde000 	C:\WINDOWS\System32\SHCORE.dll
0x00007ffce4820000 - 0x00007ffce4875000 	C:\WINDOWS\System32\shlwapi.dll
0x00007ffce3170000 - 0x00007ffce318f000 	C:\WINDOWS\SYSTEM32\profapi.dll
0x00007ffcd1790000 - 0x00007ffcd17aa000 	C:\Program Files\Android\Android Studio\jre\bin\net.dll
0x00007ffcd7670000 - 0x00007ffcd7778000 	C:\WINDOWS\SYSTEM32\WINHTTP.dll
0x00007ffce2910000 - 0x00007ffce297a000 	C:\WINDOWS\system32\mswsock.dll
0x00007ffccf8d0000 - 0x00007ffccf8e4000 	C:\Program Files\Android\Android Studio\jre\bin\nio.dll
0x00007ffcdcfc0000 - 0x00007ffcdcfe7000 	E:\Android\gradle\native\8bec1ad78214c89d9ad589b4d07fe93259594b29d510b10fafb7a158f7737e5d\windows-amd64\native-platform.dll
0x00007ffcce840000 - 0x00007ffcce97d000 	E:\Android\gradle\native\53dbd7edfb1c66fb8903c78663c9afc45aea4f116125fa6feffd364cf09443e8\windows-amd64\native-platform-file-events.dll
0x00007ffcd52c0000 - 0x00007ffcd52ca000 	C:\Program Files\Android\Android Studio\jre\bin\management.dll
0x00007ffcd15e0000 - 0x00007ffcd15ec000 	C:\Program Files\Android\Android Studio\jre\bin\management_ext.dll
0x00007ffce2b00000 - 0x00007ffce2b18000 	C:\WINDOWS\SYSTEM32\CRYPTSP.dll
0x00007ffce2290000 - 0x00007ffce22c4000 	C:\WINDOWS\system32\rsaenh.dll
0x00007ffce33b0000 - 0x00007ffce33d7000 	C:\WINDOWS\System32\bcrypt.dll
0x00007ffce3130000 - 0x00007ffce315e000 	C:\WINDOWS\SYSTEM32\USERENV.dll
0x00007ffce2b20000 - 0x00007ffce2b2c000 	C:\WINDOWS\SYSTEM32\CRYPTBASE.dll
0x00007ffce2600000 - 0x00007ffce263b000 	C:\WINDOWS\SYSTEM32\IPHLPAPI.DLL
0x00007ffce4800000 - 0x00007ffce4808000 	C:\WINDOWS\System32\NSI.dll
0x00007ffcdd750000 - 0x00007ffcdd767000 	C:\WINDOWS\SYSTEM32\dhcpcsvc6.DLL
0x00007ffcddc80000 - 0x00007ffcddc9d000 	C:\WINDOWS\SYSTEM32\dhcpcsvc.DLL
0x00007ffce2640000 - 0x00007ffce270c000 	C:\WINDOWS\SYSTEM32\DNSAPI.dll
0x00007ffcbe260000 - 0x00007ffcbe404000 	C:\Program Files\Android\Android Studio\jre\bin\awt.dll
0x00007ffce3b60000 - 0x00007ffce3c2d000 	C:\WINDOWS\System32\OLEAUT32.dll
0x00007ffce0f50000 - 0x00007ffce0f7f000 	C:\WINDOWS\SYSTEM32\dwmapi.dll
0x00007ffce0ad0000 - 0x00007ffce0b60000 	C:\WINDOWS\SYSTEM32\apphelp.dll
0x00007ffce0c70000 - 0x00007ffce0d0e000 	C:\WINDOWS\system32\uxtheme.dll

dbghelp: loaded successfully - version: 4.0.5 - missing functions: none
symbol engine: initialized successfully - sym options: 0x614 - pdb path: .;C:\Program Files\Android\Android Studio\jre\bin;C:\WINDOWS\SYSTEM32;C:\WINDOWS\WinSxS\amd64_microsoft.windows.common-controls_6595b64144ccf1df_6.0.19041.1110_none_60b5254171f9507e;C:\Program Files\Android\Android Studio\jre\bin\server;E:\Android\gradle\native\8bec1ad78214c89d9ad589b4d07fe93259594b29d510b10fafb7a158f7737e5d\windows-amd64;E:\Android\gradle\native\53dbd7edfb1c66fb8903c78663c9afc45aea4f116125fa6feffd364cf09443e8\windows-amd64

VM Arguments:
jvm_args: --add-opens=java.base/java.util=ALL-UNNAMED --add-opens=java.base/java.lang=ALL-UNNAMED --add-opens=java.base/java.lang.invoke=ALL-UNNAMED --add-opens=java.base/java.util=ALL-UNNAMED --add-opens=java.prefs/java.util.prefs=ALL-UNNAMED --add-opens=java.prefs/java.util.prefs=ALL-UNNAMED --add-opens=java.base/java.nio.charset=ALL-UNNAMED --add-opens=java.base/java.net=ALL-UNNAMED --add-opens=java.base/java.util.concurrent.atomic=ALL-UNNAMED -Xmx2048m -Dfile.encoding=windows-1252 -Duser.country=US -Duser.language=en -Duser.variant 
java_command: org.gradle.launcher.daemon.bootstrap.GradleDaemon 7.0.2
java_class_path (initial): E:\Android\gradle\wrapper\dists\gradle-7.0.2-bin\857tjihv64xamwrf0h14cai3r\gradle-7.0.2\lib\gradle-launcher-7.0.2.jar
Launcher Type: SUN_STANDARD

[Global flags]
     intx CICompilerCount                          = 3                                         {product} {ergonomic}
     uint ConcGCThreads                            = 1                                         {product} {ergonomic}
     uint G1ConcRefinementThreads                  = 4                                         {product} {ergonomic}
   size_t G1HeapRegionSize                         = 1048576                                   {product} {ergonomic}
    uintx GCDrainStackTargetSize                   = 64                                        {product} {ergonomic}
   size_t InitialHeapSize                          = 201326592                                 {product} {ergonomic}
   size_t MarkStackSize                            = 4194304                                   {product} {ergonomic}
   size_t MaxHeapSize                              = 2147483648                                {product} {command line}
   size_t MaxNewSize                               = 1287651328                                {product} {ergonomic}
   size_t MinHeapDeltaBytes                        = 1048576                                   {product} {ergonomic}
    uintx NonNMethodCodeHeapSize                   = 5830732                                {pd product} {ergonomic}
    uintx NonProfiledCodeHeapSize                  = 122913754                              {pd product} {ergonomic}
    uintx ProfiledCodeHeapSize                     = 122913754                              {pd product} {ergonomic}
    uintx ReservedCodeCacheSize                    = 251658240                              {pd product} {ergonomic}
     bool SegmentedCodeCache                       = true                                      {product} {ergonomic}
     bool UseCompressedClassPointers               = true                                 {lp64_product} {ergonomic}
     bool UseCompressedOops                        = true                                 {lp64_product} {ergonomic}
     bool UseG1GC                                  = true                                      {product} {ergonomic}
     bool UseLargePagesIndividualAllocation        = false                                  {pd product} {ergonomic}

Logging:
Log output configuration:
 #0: stdout all=warning uptime,level,tags
 #1: stderr all=off uptime,level,tags

Environment Variables:
PATH=C:\Program Files (x86)\Common Files\Intel\Shared Libraries\redist\ia32\mpirt;C:\Program Files (x86)\Common Files\Intel\Shared Libraries\redist\ia32\compiler;C:\ProgramData\Oracle\Java\javapath;C:\WINDOWS\system32;C:\WINDOWS;C:\WINDOWS\System32\Wbem;C:\WINDOWS\System32\WindowsPowerShell\v1.0\;C:\Program Files (x86)\Skype\Phone\;C:\WINDOWS\System32\OpenSSH\;%PYTHON3_SCRIPTS%;C:\Users\jj\AppData\Local\Programs\Python\Python38-32\Scripts\;C:\Users\jj\AppData\Local\Programs\Python\Python38-32\;C:\Users\jj\Downloads\PhoenixSuit_V1.10\PhoenixSuit_V1.10\;C:\Users\jj\AppData\Local\Microsoft\WindowsApps;C:\adb;C:\Program Files\Git\cmd;C:\WINDOWS\system32;C:\WINDOWS;C:\WINDOWS\System32\Wbem;C:\WINDOWS\System32\WindowsPowerShell\v1.0\;C:\WINDOWS\System32\OpenSSH\;C:\Program Files\Microsoft SQL Server\120\Tools\Binn\;C:\Program Files (x86)\Applied Biosystems\QuantStudio Design & Analysis Software\bin;C:\Users\jj\AppData\Local\Programs\Python\Python38-32\Scripts\;C:\Users\jj\AppData\Local\Programs\Python\Python38-32\;C:\Users\jj\Downloads\PhoenixSuit_V1.10\PhoenixSuit_V1.10\;C:\Users\jj\AppData\Local\Microsoft\WindowsApps;
USERNAME=jj
OS=Windows_NT
PROCESSOR_IDENTIFIER=Intel64 Family 6 Model 42 Stepping 7, GenuineIntel



---------------  S Y S T E M  ---------------

OS: Windows 10 , 64 bit Build 19041 (10.0.19041.1202)
OS uptime: 0 days 0:19 hours

CPU:total 4 (initial active 4) (2 cores per cpu, 2 threads per core) family 6 model 42 stepping 7 microcode 0x2f, cmov, cx8, fxsr, mmx, sse, sse2, sse3, ssse3, sse4.1, sse4.2, popcnt, avx, clmul, ht, tsc, tscinvbit

Memory: 4k page, system-wide physical 12202M (6229M free)
TotalPageFile size 14058M (AvailPageFile size 8062M)
current process WorkingSet (physical memory assigned to process): 513M, peak: 513M
current process commit charge ("private bytes"): 541M, peak: 542M

vm_info: OpenJDK 64-Bit Server VM (11.0.10+0-b96-7249189) for windows-amd64 JRE (11.0.10+0-b96-7249189), built on Mar 31 2021 21:44:00 by "builder" with MS VC++ 14.0 (VS2015)

END.
